<?xml version="1.0" encoding="UTF-8"?>
<coverage generated="1618153799430" clover="3.2.0">
  <project timestamp="1618153799433" name="All files">
    <metrics statements="213" coveredstatements="175" conditionals="124" coveredconditionals="88" methods="66" coveredmethods="53" elements="403" coveredelements="316" complexity="0" loc="213" ncloc="213" packages="1" files="1" classes="1"/>
    <file name="index.js" path="/Users/ben/Documents/w/code/project/library/data-matcher/dist/index.js">
      <metrics statements="213" coveredstatements="175" conditionals="124" coveredconditionals="88" methods="66" coveredmethods="53"/>
      <line num="1" count="2" type="stmt"/>
      <line num="2" count="2" type="cond" truecount="3" falsecount="1"/>
      <line num="7" count="2" type="cond" truecount="3" falsecount="1"/>
      <line num="24" count="2" type="stmt"/>
      <line num="25" count="3" type="cond" truecount="1" falsecount="1"/>
      <line num="26" count="0" type="stmt"/>
      <line num="27" count="0" type="stmt"/>
      <line num="28" count="0" type="cond" truecount="0" falsecount="2"/>
      <line num="30" count="0" type="stmt"/>
      <line num="32" count="3" type="stmt"/>
      <line num="36" count="1" type="stmt"/>
      <line num="37" count="1" type="cond" truecount="3" falsecount="1"/>
      <line num="38" count="1" type="stmt"/>
      <line num="39" count="1" type="cond" truecount="3" falsecount="1"/>
      <line num="40" count="1" type="stmt"/>
      <line num="41" count="0" type="cond" truecount="0" falsecount="4"/>
      <line num="42" count="0" type="stmt"/>
      <line num="44" count="1" type="stmt"/>
      <line num="48" count="42" type="stmt"/>
      <line num="49" count="21" type="stmt"/>
      <line num="50" count="42" type="stmt"/>
      <line num="51" count="47" type="stmt"/>
      <line num="52" count="21" type="stmt"/>
      <line num="56" count="14" type="stmt"/>
      <line num="57" count="14" type="stmt"/>
      <line num="58" count="14" type="stmt"/>
      <line num="60" count="14" type="stmt"/>
      <line num="61" count="14" type="cond" truecount="2" falsecount="0"/>
      <line num="62" count="11" type="stmt"/>
      <line num="65" count="8" type="stmt"/>
      <line num="67" count="14" type="stmt"/>
      <line num="79" count="2" type="stmt"/>
      <line num="82" count="2" type="stmt"/>
      <line num="94" count="4" type="stmt"/>
      <line num="95" count="4" type="stmt"/>
      <line num="96" count="4" type="stmt"/>
      <line num="97" count="4" type="cond" truecount="1" falsecount="1"/>
      <line num="98" count="4" type="stmt"/>
      <line num="101" count="0" type="stmt"/>
      <line num="104" count="4" type="stmt"/>
      <line num="107" count="3" type="stmt"/>
      <line num="108" count="3" type="cond" truecount="2" falsecount="0"/>
      <line num="109" count="2" type="stmt"/>
      <line num="112" count="2" type="stmt"/>
      <line num="114" count="3" type="stmt"/>
      <line num="131" count="3" type="stmt"/>
      <line num="132" count="3" type="stmt"/>
      <line num="133" count="3" type="cond" truecount="1" falsecount="1"/>
      <line num="134" count="3" type="stmt"/>
      <line num="136" count="0" type="cond" truecount="0" falsecount="2"/>
      <line num="137" count="0" type="stmt"/>
      <line num="140" count="0" type="stmt"/>
      <line num="143" count="3" type="stmt"/>
      <line num="146" count="2" type="stmt"/>
      <line num="158" count="4" type="stmt"/>
      <line num="159" count="4" type="stmt"/>
      <line num="161" count="12" type="cond" truecount="8" falsecount="0"/>
      <line num="167" count="11" type="cond" truecount="6" falsecount="0"/>
      <line num="170" count="1" type="stmt"/>
      <line num="172" count="12" type="cond" truecount="6" falsecount="0"/>
      <line num="173" count="3" type="cond" truecount="6" falsecount="2"/>
      <line num="175" count="3" type="cond" truecount="6" falsecount="0"/>
      <line num="179" count="4" type="stmt"/>
      <line num="186" count="3" type="stmt"/>
      <line num="191" count="1" type="stmt"/>
      <line num="192" count="1" type="stmt"/>
      <line num="193" count="3" type="stmt"/>
      <line num="194" count="1" type="cond" truecount="4" falsecount="2"/>
      <line num="195" count="3" type="cond" truecount="3" falsecount="1"/>
      <line num="196" count="1" type="stmt"/>
      <line num="197" count="1" type="stmt"/>
      <line num="201" count="0" type="stmt"/>
      <line num="202" count="0" type="stmt"/>
      <line num="205" count="1" type="stmt"/>
      <line num="212" count="1" type="stmt"/>
      <line num="224" count="3" type="stmt"/>
      <line num="225" count="3" type="stmt"/>
      <line num="226" count="3" type="stmt"/>
      <line num="228" count="3" type="stmt"/>
      <line num="231" count="2" type="stmt"/>
      <line num="243" count="2" type="cond" truecount="1" falsecount="1"/>
      <line num="244" count="0" type="stmt"/>
      <line num="246" count="2" type="stmt"/>
      <line num="247" count="2" type="cond" truecount="2" falsecount="0"/>
      <line num="248" count="1" type="stmt"/>
      <line num="251" count="1" type="stmt"/>
      <line num="253" count="2" type="stmt"/>
      <line num="256" count="2" type="stmt"/>
      <line num="257" count="2" type="cond" truecount="2" falsecount="0"/>
      <line num="258" count="1" type="stmt"/>
      <line num="261" count="1" type="stmt"/>
      <line num="263" count="2" type="stmt"/>
      <line num="267" count="3" type="stmt"/>
      <line num="268" count="3" type="cond" truecount="2" falsecount="0"/>
      <line num="269" count="3" type="stmt"/>
      <line num="272" count="2" type="stmt"/>
      <line num="273" count="2" type="stmt"/>
      <line num="274" count="4" type="stmt"/>
      <line num="276" count="2" type="stmt"/>
      <line num="288" count="3" type="stmt"/>
      <line num="289" count="3" type="stmt"/>
      <line num="290" count="3" type="stmt"/>
      <line num="292" count="3" type="stmt"/>
      <line num="295" count="2" type="stmt"/>
      <line num="299" count="6" type="stmt"/>
      <line num="302" count="11" type="stmt"/>
      <line num="304" count="2" type="stmt"/>
      <line num="306" count="2" type="stmt"/>
      <line num="307" count="2" type="stmt"/>
      <line num="308" count="2" type="cond" truecount="2" falsecount="0"/>
      <line num="309" count="1" type="stmt"/>
      <line num="310" count="1" type="stmt"/>
      <line num="312" count="1" type="cond" truecount="1" falsecount="1"/>
      <line num="313" count="1" type="stmt"/>
      <line num="314" count="1" type="stmt"/>
      <line num="317" count="0" type="stmt"/>
      <line num="320" count="2" type="stmt"/>
      <line num="321" count="4" type="stmt"/>
      <line num="326" count="4" type="stmt"/>
      <line num="333" count="2" type="stmt"/>
      <line num="334" count="1" type="stmt"/>
      <line num="335" count="1" type="stmt"/>
      <line num="342" count="2" type="stmt"/>
      <line num="343" count="1" type="stmt"/>
      <line num="344" count="1" type="stmt"/>
      <line num="349" count="2" type="stmt"/>
      <line num="350" count="1" type="stmt"/>
      <line num="351" count="1" type="cond" truecount="1" falsecount="1"/>
      <line num="352" count="0" type="stmt"/>
      <line num="353" count="0" type="stmt"/>
      <line num="357" count="1" type="stmt"/>
      <line num="359" count="1" type="stmt"/>
      <line num="364" count="2" type="stmt"/>
      <line num="365" count="3" type="cond" truecount="2" falsecount="2"/>
      <line num="366" count="0" type="stmt"/>
      <line num="368" count="3" type="cond" truecount="4" falsecount="0"/>
      <line num="369" count="2" type="stmt"/>
      <line num="371" count="1" type="cond" truecount="3" falsecount="1"/>
      <line num="372" count="1" type="stmt"/>
      <line num="375" count="0" type="stmt"/>
      <line num="377" count="3" type="stmt"/>
      <line num="384" count="2" type="stmt"/>
      <line num="385" count="0" type="cond" truecount="0" falsecount="2"/>
      <line num="386" count="0" type="stmt"/>
      <line num="388" count="0" type="cond" truecount="0" falsecount="2"/>
      <line num="389" count="0" type="stmt"/>
      <line num="391" count="0" type="stmt"/>
      <line num="396" count="2" type="stmt"/>
      <line num="400" count="2" type="stmt"/>
      <line num="401" count="2" type="stmt"/>
      <line num="402" count="2" type="stmt"/>
      <line num="403" count="2" type="cond" truecount="2" falsecount="0"/>
      <line num="404" count="1" type="stmt"/>
      <line num="405" count="2" type="stmt"/>
      <line num="406" count="2" type="stmt"/>
      <line num="407" count="4" type="stmt"/>
      <line num="408" count="4" type="cond" truecount="2" falsecount="0"/>
      <line num="410" count="2" type="cond" truecount="2" falsecount="0"/>
      <line num="411" count="1" type="stmt"/>
      <line num="412" count="1" type="stmt"/>
      <line num="414" count="2" type="stmt"/>
      <line num="416" count="2" type="cond" truecount="2" falsecount="0"/>
      <line num="417" count="1" type="stmt"/>
      <line num="424" count="2" type="stmt"/>
      <line num="429" count="3" type="cond" truecount="2" falsecount="0"/>
      <line num="430" count="2" type="stmt"/>
      <line num="432" count="3" type="stmt"/>
      <line num="437" count="2" type="stmt"/>
      <line num="447" count="2" type="stmt"/>
      <line num="449" count="2" type="stmt"/>
      <line num="452" count="2" type="stmt"/>
      <line num="453" count="0" type="stmt"/>
      <line num="454" count="0" type="stmt"/>
      <line num="457" count="2" type="stmt"/>
      <line num="458" count="1" type="stmt"/>
      <line num="459" count="1" type="stmt"/>
      <line num="462" count="2" type="stmt"/>
      <line num="463" count="0" type="stmt"/>
      <line num="464" count="0" type="stmt"/>
      <line num="467" count="2" type="stmt"/>
      <line num="468" count="0" type="stmt"/>
      <line num="469" count="0" type="stmt"/>
      <line num="471" count="2" type="stmt"/>
      <line num="472" count="0" type="stmt"/>
      <line num="473" count="0" type="stmt"/>
      <line num="476" count="2" type="stmt"/>
      <line num="477" count="0" type="stmt"/>
      <line num="478" count="0" type="stmt"/>
      <line num="481" count="2" type="stmt"/>
      <line num="482" count="0" type="stmt"/>
      <line num="483" count="0" type="stmt"/>
      <line num="486" count="2" type="stmt"/>
      <line num="487" count="1" type="stmt"/>
      <line num="488" count="1" type="stmt"/>
      <line num="491" count="2" type="stmt"/>
      <line num="492" count="0" type="stmt"/>
      <line num="493" count="0" type="stmt"/>
      <line num="495" count="2" type="stmt"/>
      <line num="498" count="2" type="stmt"/>
      <line num="499" count="0" type="stmt"/>
      <line num="502" count="2" type="stmt"/>
      <line num="503" count="2" type="stmt"/>
      <line num="504" count="2" type="stmt"/>
      <line num="505" count="2" type="stmt"/>
      <line num="506" count="2" type="stmt"/>
      <line num="507" count="2" type="stmt"/>
      <line num="508" count="2" type="stmt"/>
      <line num="509" count="2" type="stmt"/>
      <line num="510" count="2" type="stmt"/>
      <line num="511" count="2" type="stmt"/>
      <line num="512" count="2" type="stmt"/>
      <line num="513" count="2" type="stmt"/>
      <line num="515" count="2" type="stmt"/>
    </file>
  </project>
</coverage>
