{"/Users/ben/Documents/w/code/myproject/package/data_matcher/dist/index.js": {"path":"/Users/ben/Documents/w/code/myproject/package/data_matcher/dist/index.js","statementMap":{"0":{"start":{"line":1,"column":0},"end":{"line":305,"column":5}},"1":{"start":{"line":2,"column":4},"end":{"line":4,"column":68}},"2":{"start":{"line":23,"column":8},"end":{"line":23,"column":92}},"3":{"start":{"line":23,"column":21},"end":{"line":23,"column":22}},"4":{"start":{"line":23,"column":28},"end":{"line":23,"column":29}},"5":{"start":{"line":23,"column":36},"end":{"line":23,"column":52}},"6":{"start":{"line":23,"column":67},"end":{"line":23,"column":92}},"7":{"start":{"line":24,"column":8},"end":{"line":26,"column":28}},"8":{"start":{"line":24,"column":21},"end":{"line":24,"column":29}},"9":{"start":{"line":24,"column":35},"end":{"line":24,"column":36}},"10":{"start":{"line":24,"column":42},"end":{"line":24,"column":43}},"11":{"start":{"line":25,"column":12},"end":{"line":26,"column":28}},"12":{"start":{"line":25,"column":25},"end":{"line":25,"column":37}},"13":{"start":{"line":25,"column":43},"end":{"line":25,"column":44}},"14":{"start":{"line":25,"column":51},"end":{"line":25,"column":59}},"15":{"start":{"line":26,"column":16},"end":{"line":26,"column":28}},"16":{"start":{"line":27,"column":8},"end":{"line":27,"column":17}},"17":{"start":{"line":31,"column":21},"end":{"line":31,"column":23}},"18":{"start":{"line":32,"column":8},"end":{"line":34,"column":9}},"19":{"start":{"line":32,"column":22},"end":{"line":32,"column":23}},"20":{"start":{"line":33,"column":12},"end":{"line":33,"column":43}},"21":{"start":{"line":35,"column":18},"end":{"line":35,"column":20}},"22":{"start":{"line":36,"column":8},"end":{"line":41,"column":9}},"23":{"start":{"line":37,"column":12},"end":{"line":37,"column":107}},"24":{"start":{"line":37,"column":45},"end":{"line":37,"column":103}},"25":{"start":{"line":40,"column":12},"end":{"line":40,"column":69}},"26":{"start":{"line":42,"column":8},"end":{"line":42,"column":19}},"27":{"start":{"line":54,"column":8},"end":{"line":54,"column":35}},"28":{"start":{"line":57,"column":8},"end":{"line":57,"column":50}},"29":{"start":{"line":69,"column":25},"end":{"line":69,"column":41}},"30":{"start":{"line":70,"column":21},"end":{"line":70,"column":23}},"31":{"start":{"line":71,"column":8},"end":{"line":78,"column":11}},"32":{"start":{"line":72,"column":12},"end":{"line":77,"column":13}},"33":{"start":{"line":73,"column":16},"end":{"line":73,"column":45}},"34":{"start":{"line":76,"column":16},"end":{"line":76,"column":40}},"35":{"start":{"line":79,"column":8},"end":{"line":79,"column":22}},"36":{"start":{"line":82,"column":18},"end":{"line":82,"column":20}},"37":{"start":{"line":83,"column":8},"end":{"line":88,"column":9}},"38":{"start":{"line":84,"column":12},"end":{"line":84,"column":81}},"39":{"start":{"line":84,"column":45},"end":{"line":84,"column":77}},"40":{"start":{"line":87,"column":12},"end":{"line":87,"column":43}},"41":{"start":{"line":89,"column":8},"end":{"line":89,"column":19}},"42":{"start":{"line":106,"column":21},"end":{"line":106,"column":23}},"43":{"start":{"line":107,"column":8},"end":{"line":117,"column":11}},"44":{"start":{"line":108,"column":12},"end":{"line":116,"column":13}},"45":{"start":{"line":109,"column":16},"end":{"line":109,"column":54}},"46":{"start":{"line":111,"column":17},"end":{"line":116,"column":13}},"47":{"start":{"line":112,"column":16},"end":{"line":112,"column":51}},"48":{"start":{"line":115,"column":16},"end":{"line":115,"column":40}},"49":{"start":{"line":118,"column":8},"end":{"line":118,"column":22}},"50":{"start":{"line":121,"column":8},"end":{"line":121,"column":63}},"51":{"start":{"line":133,"column":21},"end":{"line":133,"column":23}},"52":{"start":{"line":134,"column":8},"end":{"line":146,"column":11}},"53":{"start":{"line":135,"column":12},"end":{"line":145,"column":13}},"54":{"start":{"line":141,"column":16},"end":{"line":141,"column":33}},"55":{"start":{"line":144,"column":16},"end":{"line":144,"column":40}},"56":{"start":{"line":147,"column":8},"end":{"line":147,"column":22}},"57":{"start":{"line":154,"column":8},"end":{"line":154,"column":51}},"58":{"start":{"line":166,"column":21},"end":{"line":166,"column":25}},"59":{"start":{"line":167,"column":8},"end":{"line":169,"column":11}},"60":{"start":{"line":168,"column":12},"end":{"line":168,"column":35}},"61":{"start":{"line":170,"column":8},"end":{"line":170,"column":22}},"62":{"start":{"line":173,"column":8},"end":{"line":173,"column":51}},"63":{"start":{"line":185,"column":8},"end":{"line":187,"column":9}},"64":{"start":{"line":186,"column":12},"end":{"line":186,"column":63}},"65":{"start":{"line":188,"column":21},"end":{"line":188,"column":25}},"66":{"start":{"line":189,"column":8},"end":{"line":194,"column":9}},"67":{"start":{"line":190,"column":12},"end":{"line":190,"column":41}},"68":{"start":{"line":193,"column":12},"end":{"line":193,"column":40}},"69":{"start":{"line":195,"column":8},"end":{"line":195,"column":22}},"70":{"start":{"line":198,"column":18},"end":{"line":198,"column":20}},"71":{"start":{"line":199,"column":8},"end":{"line":204,"column":9}},"72":{"start":{"line":200,"column":12},"end":{"line":200,"column":83}},"73":{"start":{"line":200,"column":45},"end":{"line":200,"column":79}},"74":{"start":{"line":203,"column":12},"end":{"line":203,"column":45}},"75":{"start":{"line":205,"column":8},"end":{"line":205,"column":19}},"76":{"start":{"line":209,"column":21},"end":{"line":209,"column":25}},"77":{"start":{"line":210,"column":8},"end":{"line":210,"column":37}},"78":{"start":{"line":211,"column":8},"end":{"line":211,"column":22}},"79":{"start":{"line":214,"column":21},"end":{"line":214,"column":23}},"80":{"start":{"line":215,"column":8},"end":{"line":217,"column":9}},"81":{"start":{"line":215,"column":22},"end":{"line":215,"column":23}},"82":{"start":{"line":216,"column":12},"end":{"line":216,"column":43}},"83":{"start":{"line":218,"column":8},"end":{"line":218,"column":85}},"84":{"start":{"line":230,"column":21},"end":{"line":230,"column":25}},"85":{"start":{"line":231,"column":8},"end":{"line":233,"column":11}},"86":{"start":{"line":232,"column":12},"end":{"line":232,"column":31}},"87":{"start":{"line":234,"column":8},"end":{"line":234,"column":22}},"88":{"start":{"line":237,"column":8},"end":{"line":237,"column":49}},"89":{"start":{"line":247,"column":33},"end":{"line":291,"column":7}},"90":{"start":{"line":249,"column":12},"end":{"line":249,"column":29}},"91":{"start":{"line":252,"column":8},"end":{"line":255,"column":10}},"92":{"start":{"line":253,"column":12},"end":{"line":253,"column":49}},"93":{"start":{"line":254,"column":12},"end":{"line":254,"column":24}},"94":{"start":{"line":257,"column":8},"end":{"line":260,"column":10}},"95":{"start":{"line":258,"column":12},"end":{"line":258,"column":53}},"96":{"start":{"line":259,"column":12},"end":{"line":259,"column":24}},"97":{"start":{"line":262,"column":8},"end":{"line":265,"column":10}},"98":{"start":{"line":263,"column":12},"end":{"line":263,"column":59}},"99":{"start":{"line":264,"column":12},"end":{"line":264,"column":24}},"100":{"start":{"line":267,"column":8},"end":{"line":270,"column":10}},"101":{"start":{"line":268,"column":12},"end":{"line":268,"column":50}},"102":{"start":{"line":269,"column":12},"end":{"line":269,"column":24}},"103":{"start":{"line":272,"column":8},"end":{"line":275,"column":10}},"104":{"start":{"line":273,"column":12},"end":{"line":273,"column":47}},"105":{"start":{"line":274,"column":12},"end":{"line":274,"column":24}},"106":{"start":{"line":277,"column":8},"end":{"line":280,"column":10}},"107":{"start":{"line":278,"column":12},"end":{"line":278,"column":53}},"108":{"start":{"line":279,"column":12},"end":{"line":279,"column":24}},"109":{"start":{"line":282,"column":8},"end":{"line":285,"column":10}},"110":{"start":{"line":283,"column":12},"end":{"line":283,"column":55}},"111":{"start":{"line":284,"column":12},"end":{"line":284,"column":24}},"112":{"start":{"line":286,"column":8},"end":{"line":289,"column":10}},"113":{"start":{"line":287,"column":12},"end":{"line":287,"column":48}},"114":{"start":{"line":288,"column":12},"end":{"line":288,"column":24}},"115":{"start":{"line":290,"column":8},"end":{"line":290,"column":23}},"116":{"start":{"line":293,"column":4},"end":{"line":293,"column":28}},"117":{"start":{"line":294,"column":4},"end":{"line":294,"column":32}},"118":{"start":{"line":295,"column":4},"end":{"line":295,"column":30}},"119":{"start":{"line":296,"column":4},"end":{"line":296,"column":24}},"120":{"start":{"line":297,"column":4},"end":{"line":297,"column":28}},"121":{"start":{"line":298,"column":4},"end":{"line":298,"column":42}},"122":{"start":{"line":299,"column":4},"end":{"line":299,"column":44}},"123":{"start":{"line":300,"column":4},"end":{"line":300,"column":40}},"124":{"start":{"line":301,"column":4},"end":{"line":301,"column":52}},"125":{"start":{"line":303,"column":4},"end":{"line":303,"column":66}}},"fnMap":{"0":{"name":"(anonymous_0)","decl":{"start":{"line":1,"column":1},"end":{"line":1,"column":2}},"loc":{"start":{"line":1,"column":28},"end":{"line":5,"column":1}},"line":1},"1":{"name":"(anonymous_1)","decl":{"start":{"line":5,"column":9},"end":{"line":5,"column":10}},"loc":{"start":{"line":5,"column":28},"end":{"line":305,"column":1}},"line":5},"2":{"name":"__spreadArrays","decl":{"start":{"line":22,"column":13},"end":{"line":22,"column":27}},"loc":{"start":{"line":22,"column":30},"end":{"line":28,"column":5}},"line":22},"3":{"name":"supportArray","decl":{"start":{"line":30,"column":13},"end":{"line":30,"column":25}},"loc":{"start":{"line":30,"column":38},"end":{"line":43,"column":5}},"line":30},"4":{"name":"(anonymous_4)","decl":{"start":{"line":37,"column":27},"end":{"line":37,"column":28}},"loc":{"start":{"line":37,"column":43},"end":{"line":37,"column":105}},"line":37},"5":{"name":"_toValuesArray","decl":{"start":{"line":53,"column":13},"end":{"line":53,"column":27}},"loc":{"start":{"line":53,"column":34},"end":{"line":55,"column":5}},"line":53},"6":{"name":"toValuesArray","decl":{"start":{"line":56,"column":13},"end":{"line":56,"column":26}},"loc":{"start":{"line":56,"column":33},"end":{"line":58,"column":5}},"line":56},"7":{"name":"_transformKey","decl":{"start":{"line":68,"column":13},"end":{"line":68,"column":26}},"loc":{"start":{"line":68,"column":38},"end":{"line":80,"column":5}},"line":68},"8":{"name":"(anonymous_8)","decl":{"start":{"line":71,"column":34},"end":{"line":71,"column":35}},"loc":{"start":{"line":71,"column":49},"end":{"line":78,"column":9}},"line":71},"9":{"name":"transformKey","decl":{"start":{"line":81,"column":13},"end":{"line":81,"column":25}},"loc":{"start":{"line":81,"column":37},"end":{"line":90,"column":5}},"line":81},"10":{"name":"(anonymous_10)","decl":{"start":{"line":84,"column":27},"end":{"line":84,"column":28}},"loc":{"start":{"line":84,"column":43},"end":{"line":84,"column":79}},"line":84},"11":{"name":"_transformValueType","decl":{"start":{"line":105,"column":13},"end":{"line":105,"column":32}},"loc":{"start":{"line":105,"column":44},"end":{"line":119,"column":5}},"line":105},"12":{"name":"(anonymous_12)","decl":{"start":{"line":107,"column":34},"end":{"line":107,"column":35}},"loc":{"start":{"line":107,"column":49},"end":{"line":117,"column":9}},"line":107},"13":{"name":"transformValueType","decl":{"start":{"line":120,"column":13},"end":{"line":120,"column":31}},"loc":{"start":{"line":120,"column":46},"end":{"line":122,"column":5}},"line":120},"14":{"name":"_transfromEmpty","decl":{"start":{"line":132,"column":13},"end":{"line":132,"column":28}},"loc":{"start":{"line":132,"column":35},"end":{"line":148,"column":5}},"line":132},"15":{"name":"(anonymous_15)","decl":{"start":{"line":134,"column":34},"end":{"line":134,"column":35}},"loc":{"start":{"line":134,"column":49},"end":{"line":146,"column":9}},"line":134},"16":{"name":"transfromEmpty","decl":{"start":{"line":153,"column":13},"end":{"line":153,"column":27}},"loc":{"start":{"line":153,"column":34},"end":{"line":155,"column":5}},"line":153},"17":{"name":"_addKey","decl":{"start":{"line":165,"column":13},"end":{"line":165,"column":20}},"loc":{"start":{"line":165,"column":32},"end":{"line":171,"column":5}},"line":165},"18":{"name":"(anonymous_18)","decl":{"start":{"line":167,"column":33},"end":{"line":167,"column":34}},"loc":{"start":{"line":167,"column":48},"end":{"line":169,"column":9}},"line":167},"19":{"name":"addKey","decl":{"start":{"line":172,"column":13},"end":{"line":172,"column":19}},"loc":{"start":{"line":172,"column":34},"end":{"line":174,"column":5}},"line":172},"20":{"name":"_part","decl":{"start":{"line":184,"column":13},"end":{"line":184,"column":18}},"loc":{"start":{"line":184,"column":40},"end":{"line":196,"column":5}},"line":184},"21":{"name":"part","decl":{"start":{"line":197,"column":13},"end":{"line":197,"column":17}},"loc":{"start":{"line":197,"column":39},"end":{"line":206,"column":5}},"line":197},"22":{"name":"(anonymous_22)","decl":{"start":{"line":200,"column":27},"end":{"line":200,"column":28}},"loc":{"start":{"line":200,"column":43},"end":{"line":200,"column":81}},"line":200},"23":{"name":"_addKeyFn","decl":{"start":{"line":208,"column":13},"end":{"line":208,"column":22}},"loc":{"start":{"line":208,"column":38},"end":{"line":212,"column":5}},"line":208},"24":{"name":"addKeyFn","decl":{"start":{"line":213,"column":13},"end":{"line":213,"column":21}},"loc":{"start":{"line":213,"column":28},"end":{"line":219,"column":5}},"line":213},"25":{"name":"_remove","decl":{"start":{"line":229,"column":13},"end":{"line":229,"column":20}},"loc":{"start":{"line":229,"column":33},"end":{"line":235,"column":5}},"line":229},"26":{"name":"(anonymous_26)","decl":{"start":{"line":231,"column":17},"end":{"line":231,"column":18}},"loc":{"start":{"line":231,"column":32},"end":{"line":233,"column":9}},"line":231},"27":{"name":"remove","decl":{"start":{"line":236,"column":13},"end":{"line":236,"column":19}},"loc":{"start":{"line":236,"column":32},"end":{"line":238,"column":5}},"line":236},"28":{"name":"(anonymous_28)","decl":{"start":{"line":247,"column":33},"end":{"line":247,"column":34}},"loc":{"start":{"line":247,"column":45},"end":{"line":291,"column":5}},"line":247},"29":{"name":"Matcher","decl":{"start":{"line":248,"column":17},"end":{"line":248,"column":24}},"loc":{"start":{"line":248,"column":31},"end":{"line":250,"column":9}},"line":248},"30":{"name":"(anonymous_30)","decl":{"start":{"line":252,"column":42},"end":{"line":252,"column":43}},"loc":{"start":{"line":252,"column":54},"end":{"line":255,"column":9}},"line":252},"31":{"name":"(anonymous_31)","decl":{"start":{"line":257,"column":41},"end":{"line":257,"column":42}},"loc":{"start":{"line":257,"column":56},"end":{"line":260,"column":9}},"line":257},"32":{"name":"(anonymous_32)","decl":{"start":{"line":262,"column":47},"end":{"line":262,"column":48}},"loc":{"start":{"line":262,"column":62},"end":{"line":265,"column":9}},"line":262},"33":{"name":"(anonymous_33)","decl":{"start":{"line":267,"column":43},"end":{"line":267,"column":44}},"loc":{"start":{"line":267,"column":55},"end":{"line":270,"column":9}},"line":267},"34":{"name":"(anonymous_34)","decl":{"start":{"line":272,"column":35},"end":{"line":272,"column":36}},"loc":{"start":{"line":272,"column":50},"end":{"line":275,"column":9}},"line":272},"35":{"name":"(anonymous_35)","decl":{"start":{"line":277,"column":37},"end":{"line":277,"column":38}},"loc":{"start":{"line":277,"column":56},"end":{"line":280,"column":9}},"line":277},"36":{"name":"(anonymous_36)","decl":{"start":{"line":282,"column":33},"end":{"line":282,"column":34}},"loc":{"start":{"line":282,"column":58},"end":{"line":285,"column":9}},"line":282},"37":{"name":"(anonymous_37)","decl":{"start":{"line":286,"column":35},"end":{"line":286,"column":36}},"loc":{"start":{"line":286,"column":51},"end":{"line":289,"column":9}},"line":286}},"branchMap":{"0":{"loc":{"start":{"line":2,"column":4},"end":{"line":4,"column":67}},"type":"cond-expr","locations":[{"start":{"line":2,"column":67},"end":{"line":2,"column":83}},{"start":{"line":3,"column":4},"end":{"line":4,"column":67}}],"line":2},"1":{"loc":{"start":{"line":2,"column":4},"end":{"line":2,"column":64}},"type":"binary-expr","locations":[{"start":{"line":2,"column":4},"end":{"line":2,"column":31}},{"start":{"line":2,"column":35},"end":{"line":2,"column":64}}],"line":2},"2":{"loc":{"start":{"line":3,"column":4},"end":{"line":4,"column":67}},"type":"cond-expr","locations":[{"start":{"line":3,"column":49},"end":{"line":3,"column":77}},{"start":{"line":4,"column":5},"end":{"line":4,"column":66}}],"line":3},"3":{"loc":{"start":{"line":3,"column":4},"end":{"line":3,"column":46}},"type":"binary-expr","locations":[{"start":{"line":3,"column":4},"end":{"line":3,"column":32}},{"start":{"line":3,"column":36},"end":{"line":3,"column":46}}],"line":3},"4":{"loc":{"start":{"line":4,"column":14},"end":{"line":4,"column":28}},"type":"binary-expr","locations":[{"start":{"line":4,"column":14},"end":{"line":4,"column":20}},{"start":{"line":4,"column":24},"end":{"line":4,"column":28}}],"line":4},"5":{"loc":{"start":{"line":36,"column":8},"end":{"line":41,"column":9}},"type":"if","locations":[{"start":{"line":36,"column":8},"end":{"line":41,"column":9}},{"start":{"line":36,"column":8},"end":{"line":41,"column":9}}],"line":36},"6":{"loc":{"start":{"line":72,"column":12},"end":{"line":77,"column":13}},"type":"if","locations":[{"start":{"line":72,"column":12},"end":{"line":77,"column":13}},{"start":{"line":72,"column":12},"end":{"line":77,"column":13}}],"line":72},"7":{"loc":{"start":{"line":83,"column":8},"end":{"line":88,"column":9}},"type":"if","locations":[{"start":{"line":83,"column":8},"end":{"line":88,"column":9}},{"start":{"line":83,"column":8},"end":{"line":88,"column":9}}],"line":83},"8":{"loc":{"start":{"line":108,"column":12},"end":{"line":116,"column":13}},"type":"if","locations":[{"start":{"line":108,"column":12},"end":{"line":116,"column":13}},{"start":{"line":108,"column":12},"end":{"line":116,"column":13}}],"line":108},"9":{"loc":{"start":{"line":111,"column":17},"end":{"line":116,"column":13}},"type":"if","locations":[{"start":{"line":111,"column":17},"end":{"line":116,"column":13}},{"start":{"line":111,"column":17},"end":{"line":116,"column":13}}],"line":111},"10":{"loc":{"start":{"line":135,"column":12},"end":{"line":145,"column":13}},"type":"if","locations":[{"start":{"line":135,"column":12},"end":{"line":145,"column":13}},{"start":{"line":135,"column":12},"end":{"line":145,"column":13}}],"line":135},"11":{"loc":{"start":{"line":135,"column":16},"end":{"line":140,"column":43}},"type":"binary-expr","locations":[{"start":{"line":135,"column":16},"end":{"line":135,"column":34}},{"start":{"line":136,"column":16},"end":{"line":136,"column":36}},{"start":{"line":137,"column":16},"end":{"line":137,"column":38}},{"start":{"line":138,"column":16},"end":{"line":138,"column":39}},{"start":{"line":139,"column":16},"end":{"line":139,"column":41}},{"start":{"line":140,"column":16},"end":{"line":140,"column":43}}],"line":135},"12":{"loc":{"start":{"line":185,"column":8},"end":{"line":187,"column":9}},"type":"if","locations":[{"start":{"line":185,"column":8},"end":{"line":187,"column":9}},{"start":{"line":185,"column":8},"end":{"line":187,"column":9}}],"line":185},"13":{"loc":{"start":{"line":189,"column":8},"end":{"line":194,"column":9}},"type":"if","locations":[{"start":{"line":189,"column":8},"end":{"line":194,"column":9}},{"start":{"line":189,"column":8},"end":{"line":194,"column":9}}],"line":189},"14":{"loc":{"start":{"line":199,"column":8},"end":{"line":204,"column":9}},"type":"if","locations":[{"start":{"line":199,"column":8},"end":{"line":204,"column":9}},{"start":{"line":199,"column":8},"end":{"line":204,"column":9}}],"line":199},"15":{"loc":{"start":{"line":210,"column":22},"end":{"line":210,"column":36}},"type":"binary-expr","locations":[{"start":{"line":210,"column":22},"end":{"line":210,"column":24}},{"start":{"line":210,"column":28},"end":{"line":210,"column":36}}],"line":210}},"s":{"0":1,"1":1,"2":19,"3":19,"4":19,"5":19,"6":38,"7":19,"8":19,"9":19,"10":19,"11":38,"12":38,"13":38,"14":38,"15":40,"16":19,"17":12,"18":12,"19":12,"20":10,"21":12,"22":12,"23":6,"24":11,"25":6,"26":12,"27":2,"28":2,"29":4,"30":4,"31":4,"32":4,"33":4,"34":0,"35":4,"36":3,"37":3,"38":1,"39":2,"40":2,"41":3,"42":3,"43":3,"44":3,"45":3,"46":0,"47":0,"48":0,"49":3,"50":2,"51":3,"52":3,"53":9,"54":9,"55":0,"56":3,"57":2,"58":3,"59":3,"60":3,"61":3,"62":2,"63":2,"64":0,"65":2,"66":2,"67":1,"68":1,"69":2,"70":2,"71":2,"72":1,"73":1,"74":1,"75":2,"76":3,"77":3,"78":3,"79":2,"80":2,"81":2,"82":4,"83":2,"84":3,"85":3,"86":3,"87":3,"88":2,"89":1,"90":2,"91":1,"92":0,"93":0,"94":1,"95":1,"96":1,"97":1,"98":0,"99":0,"100":1,"101":0,"102":0,"103":1,"104":0,"105":0,"106":1,"107":0,"108":0,"109":1,"110":1,"111":1,"112":1,"113":0,"114":0,"115":1,"116":1,"117":1,"118":1,"119":1,"120":1,"121":1,"122":1,"123":1,"124":1,"125":1},"f":{"0":1,"1":1,"2":19,"3":12,"4":11,"5":2,"6":2,"7":4,"8":4,"9":3,"10":2,"11":3,"12":3,"13":2,"14":3,"15":9,"16":2,"17":3,"18":3,"19":2,"20":2,"21":2,"22":1,"23":3,"24":2,"25":3,"26":3,"27":2,"28":1,"29":2,"30":0,"31":1,"32":0,"33":0,"34":0,"35":0,"36":1,"37":0},"b":{"0":[1,0],"1":[1,1],"2":[0,0],"3":[0,0],"4":[0,0],"5":[6,6],"6":[4,0],"7":[1,2],"8":[3,0],"9":[0,0],"10":[9,0],"11":[9,7,5,4,2,1],"12":[0,2],"13":[1,1],"14":[1,1],"15":[3,3]},"_coverageSchema":"43e27e138ebf9cfc5966b082cf9a028302ed4184","hash":"8935455fe95cb119f96d3ca12a2b928b0b610f2d"}
}
