{"/Users/ben/Documents/workspace/project/data-matcher/dist/index.js": {"path":"/Users/ben/Documents/workspace/project/data-matcher/dist/index.js","statementMap":{"0":{"start":{"line":1,"column":0},"end":{"line":517,"column":5}},"1":{"start":{"line":2,"column":4},"end":{"line":4,"column":85}},"2":{"start":{"line":7,"column":4},"end":{"line":7,"column":95}},"3":{"start":{"line":24,"column":19},"end":{"line":33,"column":5}},"4":{"start":{"line":25,"column":8},"end":{"line":31,"column":10}},"5":{"start":{"line":26,"column":12},"end":{"line":29,"column":13}},"6":{"start":{"line":26,"column":28},"end":{"line":26,"column":29}},"7":{"start":{"line":26,"column":35},"end":{"line":26,"column":51}},"8":{"start":{"line":27,"column":16},"end":{"line":27,"column":33}},"9":{"start":{"line":28,"column":16},"end":{"line":28,"column":93}},"10":{"start":{"line":28,"column":33},"end":{"line":28,"column":93}},"11":{"start":{"line":28,"column":81},"end":{"line":28,"column":93}},"12":{"start":{"line":30,"column":12},"end":{"line":30,"column":21}},"13":{"start":{"line":32,"column":8},"end":{"line":32,"column":47}},"14":{"start":{"line":36,"column":16},"end":{"line":36,"column":18}},"15":{"start":{"line":37,"column":8},"end":{"line":38,"column":24}},"16":{"start":{"line":37,"column":25},"end":{"line":38,"column":24}},"17":{"start":{"line":38,"column":12},"end":{"line":38,"column":24}},"18":{"start":{"line":39,"column":8},"end":{"line":43,"column":13}},"19":{"start":{"line":40,"column":12},"end":{"line":43,"column":13}},"20":{"start":{"line":40,"column":25},"end":{"line":40,"column":26}},"21":{"start":{"line":40,"column":32},"end":{"line":40,"column":63}},"22":{"start":{"line":41,"column":16},"end":{"line":42,"column":38}},"23":{"start":{"line":42,"column":20},"end":{"line":42,"column":38}},"24":{"start":{"line":44,"column":8},"end":{"line":44,"column":17}},"25":{"start":{"line":48,"column":8},"end":{"line":48,"column":92}},"26":{"start":{"line":48,"column":21},"end":{"line":48,"column":22}},"27":{"start":{"line":48,"column":28},"end":{"line":48,"column":29}},"28":{"start":{"line":48,"column":36},"end":{"line":48,"column":52}},"29":{"start":{"line":48,"column":67},"end":{"line":48,"column":92}},"30":{"start":{"line":49,"column":8},"end":{"line":51,"column":28}},"31":{"start":{"line":49,"column":21},"end":{"line":49,"column":29}},"32":{"start":{"line":49,"column":35},"end":{"line":49,"column":36}},"33":{"start":{"line":49,"column":42},"end":{"line":49,"column":43}},"34":{"start":{"line":50,"column":12},"end":{"line":51,"column":28}},"35":{"start":{"line":50,"column":25},"end":{"line":50,"column":37}},"36":{"start":{"line":50,"column":43},"end":{"line":50,"column":44}},"37":{"start":{"line":50,"column":51},"end":{"line":50,"column":59}},"38":{"start":{"line":51,"column":16},"end":{"line":51,"column":28}},"39":{"start":{"line":52,"column":8},"end":{"line":52,"column":17}},"40":{"start":{"line":56,"column":21},"end":{"line":56,"column":23}},"41":{"start":{"line":57,"column":8},"end":{"line":59,"column":9}},"42":{"start":{"line":57,"column":22},"end":{"line":57,"column":23}},"43":{"start":{"line":58,"column":12},"end":{"line":58,"column":43}},"44":{"start":{"line":60,"column":18},"end":{"line":60,"column":20}},"45":{"start":{"line":61,"column":8},"end":{"line":66,"column":9}},"46":{"start":{"line":62,"column":12},"end":{"line":62,"column":107}},"47":{"start":{"line":62,"column":45},"end":{"line":62,"column":103}},"48":{"start":{"line":65,"column":12},"end":{"line":65,"column":69}},"49":{"start":{"line":67,"column":8},"end":{"line":67,"column":19}},"50":{"start":{"line":79,"column":8},"end":{"line":79,"column":35}},"51":{"start":{"line":82,"column":8},"end":{"line":82,"column":50}},"52":{"start":{"line":94,"column":25},"end":{"line":94,"column":41}},"53":{"start":{"line":95,"column":21},"end":{"line":95,"column":23}},"54":{"start":{"line":96,"column":8},"end":{"line":103,"column":11}},"55":{"start":{"line":97,"column":12},"end":{"line":102,"column":13}},"56":{"start":{"line":98,"column":16},"end":{"line":98,"column":45}},"57":{"start":{"line":101,"column":16},"end":{"line":101,"column":40}},"58":{"start":{"line":104,"column":8},"end":{"line":104,"column":22}},"59":{"start":{"line":107,"column":18},"end":{"line":107,"column":20}},"60":{"start":{"line":108,"column":8},"end":{"line":113,"column":9}},"61":{"start":{"line":109,"column":12},"end":{"line":109,"column":81}},"62":{"start":{"line":109,"column":45},"end":{"line":109,"column":77}},"63":{"start":{"line":112,"column":12},"end":{"line":112,"column":43}},"64":{"start":{"line":114,"column":8},"end":{"line":114,"column":19}},"65":{"start":{"line":131,"column":21},"end":{"line":131,"column":23}},"66":{"start":{"line":132,"column":8},"end":{"line":142,"column":11}},"67":{"start":{"line":133,"column":12},"end":{"line":141,"column":13}},"68":{"start":{"line":134,"column":16},"end":{"line":134,"column":54}},"69":{"start":{"line":136,"column":17},"end":{"line":141,"column":13}},"70":{"start":{"line":137,"column":16},"end":{"line":137,"column":51}},"71":{"start":{"line":140,"column":16},"end":{"line":140,"column":40}},"72":{"start":{"line":143,"column":8},"end":{"line":143,"column":22}},"73":{"start":{"line":146,"column":8},"end":{"line":146,"column":63}},"74":{"start":{"line":158,"column":21},"end":{"line":158,"column":23}},"75":{"start":{"line":159,"column":8},"end":{"line":178,"column":11}},"76":{"start":{"line":161,"column":12},"end":{"line":171,"column":13}},"77":{"start":{"line":167,"column":16},"end":{"line":167,"column":118}},"78":{"start":{"line":170,"column":16},"end":{"line":170,"column":40}},"79":{"start":{"line":172,"column":12},"end":{"line":177,"column":13}},"80":{"start":{"line":173,"column":16},"end":{"line":176,"column":17}},"81":{"start":{"line":175,"column":20},"end":{"line":175,"column":122}},"82":{"start":{"line":179,"column":8},"end":{"line":179,"column":22}},"83":{"start":{"line":186,"column":8},"end":{"line":186,"column":56}},"84":{"start":{"line":191,"column":21},"end":{"line":191,"column":39}},"85":{"start":{"line":192,"column":20},"end":{"line":192,"column":37}},"86":{"start":{"line":193,"column":20},"end":{"line":193,"column":90}},"87":{"start":{"line":193,"column":50},"end":{"line":193,"column":87}},"88":{"start":{"line":194,"column":8},"end":{"line":204,"column":9}},"89":{"start":{"line":195,"column":24},"end":{"line":195,"column":150}},"90":{"start":{"line":195,"column":62},"end":{"line":195,"column":147}},"91":{"start":{"line":196,"column":12},"end":{"line":198,"column":15}},"92":{"start":{"line":197,"column":16},"end":{"line":197,"column":39}},"93":{"start":{"line":201,"column":12},"end":{"line":203,"column":15}},"94":{"start":{"line":202,"column":16},"end":{"line":202,"column":39}},"95":{"start":{"line":205,"column":8},"end":{"line":205,"column":22}},"96":{"start":{"line":212,"column":8},"end":{"line":212,"column":54}},"97":{"start":{"line":224,"column":21},"end":{"line":224,"column":25}},"98":{"start":{"line":225,"column":8},"end":{"line":227,"column":11}},"99":{"start":{"line":226,"column":12},"end":{"line":226,"column":35}},"100":{"start":{"line":228,"column":8},"end":{"line":228,"column":22}},"101":{"start":{"line":231,"column":8},"end":{"line":231,"column":51}},"102":{"start":{"line":243,"column":8},"end":{"line":245,"column":9}},"103":{"start":{"line":244,"column":12},"end":{"line":244,"column":63}},"104":{"start":{"line":246,"column":21},"end":{"line":246,"column":25}},"105":{"start":{"line":247,"column":8},"end":{"line":252,"column":9}},"106":{"start":{"line":248,"column":12},"end":{"line":248,"column":41}},"107":{"start":{"line":251,"column":12},"end":{"line":251,"column":40}},"108":{"start":{"line":253,"column":8},"end":{"line":253,"column":22}},"109":{"start":{"line":256,"column":18},"end":{"line":256,"column":20}},"110":{"start":{"line":257,"column":8},"end":{"line":262,"column":9}},"111":{"start":{"line":258,"column":12},"end":{"line":258,"column":83}},"112":{"start":{"line":258,"column":45},"end":{"line":258,"column":79}},"113":{"start":{"line":261,"column":12},"end":{"line":261,"column":45}},"114":{"start":{"line":263,"column":8},"end":{"line":263,"column":19}},"115":{"start":{"line":267,"column":21},"end":{"line":267,"column":25}},"116":{"start":{"line":268,"column":8},"end":{"line":268,"column":37}},"117":{"start":{"line":269,"column":8},"end":{"line":269,"column":22}},"118":{"start":{"line":272,"column":21},"end":{"line":272,"column":23}},"119":{"start":{"line":273,"column":8},"end":{"line":275,"column":9}},"120":{"start":{"line":273,"column":22},"end":{"line":273,"column":23}},"121":{"start":{"line":274,"column":12},"end":{"line":274,"column":43}},"122":{"start":{"line":276,"column":8},"end":{"line":276,"column":85}},"123":{"start":{"line":288,"column":21},"end":{"line":288,"column":25}},"124":{"start":{"line":289,"column":8},"end":{"line":291,"column":11}},"125":{"start":{"line":290,"column":12},"end":{"line":290,"column":31}},"126":{"start":{"line":292,"column":8},"end":{"line":292,"column":22}},"127":{"start":{"line":295,"column":8},"end":{"line":295,"column":49}},"128":{"start":{"line":299,"column":8},"end":{"line":299,"column":35}},"129":{"start":{"line":302,"column":8},"end":{"line":302,"column":74}},"130":{"start":{"line":304,"column":35},"end":{"line":438,"column":7}},"131":{"start":{"line":306,"column":12},"end":{"line":306,"column":29}},"132":{"start":{"line":307,"column":12},"end":{"line":307,"column":27}},"133":{"start":{"line":308,"column":12},"end":{"line":318,"column":13}},"134":{"start":{"line":309,"column":27},"end":{"line":309,"column":40}},"135":{"start":{"line":310,"column":16},"end":{"line":310,"column":33}},"136":{"start":{"line":312,"column":17},"end":{"line":318,"column":13}},"137":{"start":{"line":313,"column":27},"end":{"line":313,"column":43}},"138":{"start":{"line":314,"column":16},"end":{"line":314,"column":33}},"139":{"start":{"line":317,"column":16},"end":{"line":317,"column":44}},"140":{"start":{"line":320,"column":8},"end":{"line":327,"column":10}},"141":{"start":{"line":321,"column":12},"end":{"line":325,"column":15}},"142":{"start":{"line":326,"column":12},"end":{"line":326,"column":28}},"143":{"start":{"line":333,"column":8},"end":{"line":336,"column":10}},"144":{"start":{"line":334,"column":12},"end":{"line":334,"column":48}},"145":{"start":{"line":335,"column":12},"end":{"line":335,"column":24}},"146":{"start":{"line":342,"column":8},"end":{"line":345,"column":10}},"147":{"start":{"line":343,"column":12},"end":{"line":343,"column":50}},"148":{"start":{"line":344,"column":12},"end":{"line":344,"column":24}},"149":{"start":{"line":349,"column":8},"end":{"line":360,"column":10}},"150":{"start":{"line":350,"column":24},"end":{"line":350,"column":28}},"151":{"start":{"line":351,"column":12},"end":{"line":358,"column":13}},"152":{"start":{"line":352,"column":16},"end":{"line":354,"column":19}},"153":{"start":{"line":353,"column":20},"end":{"line":353,"column":43}},"154":{"start":{"line":357,"column":16},"end":{"line":357,"column":49}},"155":{"start":{"line":359,"column":12},"end":{"line":359,"column":24}},"156":{"start":{"line":364,"column":8},"end":{"line":378,"column":10}},"157":{"start":{"line":365,"column":12},"end":{"line":376,"column":13}},"158":{"start":{"line":366,"column":16},"end":{"line":366,"column":60}},"159":{"start":{"line":368,"column":17},"end":{"line":376,"column":13}},"160":{"start":{"line":369,"column":16},"end":{"line":369,"column":68}},"161":{"start":{"line":371,"column":17},"end":{"line":376,"column":13}},"162":{"start":{"line":372,"column":16},"end":{"line":372,"column":46}},"163":{"start":{"line":375,"column":16},"end":{"line":375,"column":128}},"164":{"start":{"line":377,"column":12},"end":{"line":377,"column":24}},"165":{"start":{"line":384,"column":8},"end":{"line":392,"column":10}},"166":{"start":{"line":385,"column":12},"end":{"line":390,"column":13}},"167":{"start":{"line":386,"column":16},"end":{"line":386,"column":86}},"168":{"start":{"line":388,"column":17},"end":{"line":390,"column":13}},"169":{"start":{"line":389,"column":16},"end":{"line":389,"column":69}},"170":{"start":{"line":391,"column":12},"end":{"line":391,"column":24}},"171":{"start":{"line":396,"column":8},"end":{"line":396,"column":60}},"172":{"start":{"line":400,"column":8},"end":{"line":423,"column":10}},"173":{"start":{"line":401,"column":24},"end":{"line":401,"column":28}},"174":{"start":{"line":402,"column":26},"end":{"line":402,"column":89}},"175":{"start":{"line":402,"column":61},"end":{"line":402,"column":86}},"176":{"start":{"line":403,"column":12},"end":{"line":422,"column":13}},"177":{"start":{"line":404,"column":16},"end":{"line":421,"column":19}},"178":{"start":{"line":405,"column":36},"end":{"line":405,"column":55}},"179":{"start":{"line":406,"column":20},"end":{"line":420,"column":23}},"180":{"start":{"line":407,"column":41},"end":{"line":407,"column":67}},"181":{"start":{"line":408,"column":24},"end":{"line":419,"column":25}},"182":{"start":{"line":410,"column":32},"end":{"line":413,"column":33}},"183":{"start":{"line":411,"column":36},"end":{"line":411,"column":80}},"184":{"start":{"line":412,"column":36},"end":{"line":412,"column":63}},"185":{"start":{"line":414,"column":32},"end":{"line":414,"column":38}},"186":{"start":{"line":416,"column":32},"end":{"line":418,"column":33}},"187":{"start":{"line":417,"column":36},"end":{"line":417,"column":81}},"188":{"start":{"line":424,"column":8},"end":{"line":436,"column":11}},"189":{"start":{"line":429,"column":16},"end":{"line":431,"column":17}},"190":{"start":{"line":430,"column":20},"end":{"line":430,"column":35}},"191":{"start":{"line":432,"column":16},"end":{"line":432,"column":33}},"192":{"start":{"line":437,"column":8},"end":{"line":437,"column":25}},"193":{"start":{"line":447,"column":33},"end":{"line":496,"column":7}},"194":{"start":{"line":449,"column":12},"end":{"line":449,"column":29}},"195":{"start":{"line":452,"column":8},"end":{"line":455,"column":10}},"196":{"start":{"line":453,"column":12},"end":{"line":453,"column":49}},"197":{"start":{"line":454,"column":12},"end":{"line":454,"column":24}},"198":{"start":{"line":457,"column":8},"end":{"line":460,"column":10}},"199":{"start":{"line":458,"column":12},"end":{"line":458,"column":53}},"200":{"start":{"line":459,"column":12},"end":{"line":459,"column":24}},"201":{"start":{"line":462,"column":8},"end":{"line":465,"column":10}},"202":{"start":{"line":463,"column":12},"end":{"line":463,"column":59}},"203":{"start":{"line":464,"column":12},"end":{"line":464,"column":24}},"204":{"start":{"line":467,"column":8},"end":{"line":470,"column":10}},"205":{"start":{"line":468,"column":12},"end":{"line":468,"column":50}},"206":{"start":{"line":469,"column":12},"end":{"line":469,"column":24}},"207":{"start":{"line":471,"column":8},"end":{"line":474,"column":10}},"208":{"start":{"line":472,"column":12},"end":{"line":472,"column":53}},"209":{"start":{"line":473,"column":12},"end":{"line":473,"column":24}},"210":{"start":{"line":476,"column":8},"end":{"line":479,"column":10}},"211":{"start":{"line":477,"column":12},"end":{"line":477,"column":47}},"212":{"start":{"line":478,"column":12},"end":{"line":478,"column":24}},"213":{"start":{"line":481,"column":8},"end":{"line":484,"column":10}},"214":{"start":{"line":482,"column":12},"end":{"line":482,"column":53}},"215":{"start":{"line":483,"column":12},"end":{"line":483,"column":24}},"216":{"start":{"line":486,"column":8},"end":{"line":489,"column":10}},"217":{"start":{"line":487,"column":12},"end":{"line":487,"column":55}},"218":{"start":{"line":488,"column":12},"end":{"line":488,"column":24}},"219":{"start":{"line":491,"column":8},"end":{"line":494,"column":10}},"220":{"start":{"line":492,"column":12},"end":{"line":492,"column":48}},"221":{"start":{"line":493,"column":12},"end":{"line":493,"column":24}},"222":{"start":{"line":495,"column":8},"end":{"line":495,"column":23}},"223":{"start":{"line":498,"column":18},"end":{"line":500,"column":5}},"224":{"start":{"line":499,"column":8},"end":{"line":499,"column":33}},"225":{"start":{"line":502,"column":4},"end":{"line":502,"column":34}},"226":{"start":{"line":503,"column":4},"end":{"line":503,"column":28}},"227":{"start":{"line":504,"column":4},"end":{"line":504,"column":32}},"228":{"start":{"line":505,"column":4},"end":{"line":505,"column":30}},"229":{"start":{"line":506,"column":4},"end":{"line":506,"column":30}},"230":{"start":{"line":507,"column":4},"end":{"line":507,"column":24}},"231":{"start":{"line":508,"column":4},"end":{"line":508,"column":28}},"232":{"start":{"line":509,"column":4},"end":{"line":509,"column":42}},"233":{"start":{"line":510,"column":4},"end":{"line":510,"column":44}},"234":{"start":{"line":511,"column":4},"end":{"line":511,"column":40}},"235":{"start":{"line":512,"column":4},"end":{"line":512,"column":40}},"236":{"start":{"line":513,"column":4},"end":{"line":513,"column":52}},"237":{"start":{"line":515,"column":4},"end":{"line":515,"column":66}}},"fnMap":{"0":{"name":"(anonymous_0)","decl":{"start":{"line":1,"column":1},"end":{"line":1,"column":2}},"loc":{"start":{"line":1,"column":28},"end":{"line":5,"column":1}},"line":1},"1":{"name":"(anonymous_1)","decl":{"start":{"line":5,"column":9},"end":{"line":5,"column":10}},"loc":{"start":{"line":5,"column":38},"end":{"line":517,"column":1}},"line":5},"2":{"name":"(anonymous_2)","decl":{"start":{"line":24,"column":19},"end":{"line":24,"column":20}},"loc":{"start":{"line":24,"column":30},"end":{"line":33,"column":5}},"line":24},"3":{"name":"__assign","decl":{"start":{"line":25,"column":45},"end":{"line":25,"column":53}},"loc":{"start":{"line":25,"column":57},"end":{"line":31,"column":9}},"line":25},"4":{"name":"__rest","decl":{"start":{"line":35,"column":13},"end":{"line":35,"column":19}},"loc":{"start":{"line":35,"column":26},"end":{"line":45,"column":5}},"line":35},"5":{"name":"__spreadArrays","decl":{"start":{"line":47,"column":13},"end":{"line":47,"column":27}},"loc":{"start":{"line":47,"column":30},"end":{"line":53,"column":5}},"line":47},"6":{"name":"supportArray","decl":{"start":{"line":55,"column":13},"end":{"line":55,"column":25}},"loc":{"start":{"line":55,"column":38},"end":{"line":68,"column":5}},"line":55},"7":{"name":"(anonymous_7)","decl":{"start":{"line":62,"column":27},"end":{"line":62,"column":28}},"loc":{"start":{"line":62,"column":43},"end":{"line":62,"column":105}},"line":62},"8":{"name":"_toValuesArray","decl":{"start":{"line":78,"column":13},"end":{"line":78,"column":27}},"loc":{"start":{"line":78,"column":34},"end":{"line":80,"column":5}},"line":78},"9":{"name":"toValuesArray","decl":{"start":{"line":81,"column":13},"end":{"line":81,"column":26}},"loc":{"start":{"line":81,"column":33},"end":{"line":83,"column":5}},"line":81},"10":{"name":"_transformKey","decl":{"start":{"line":93,"column":13},"end":{"line":93,"column":26}},"loc":{"start":{"line":93,"column":38},"end":{"line":105,"column":5}},"line":93},"11":{"name":"(anonymous_11)","decl":{"start":{"line":96,"column":34},"end":{"line":96,"column":35}},"loc":{"start":{"line":96,"column":49},"end":{"line":103,"column":9}},"line":96},"12":{"name":"transformKey","decl":{"start":{"line":106,"column":13},"end":{"line":106,"column":25}},"loc":{"start":{"line":106,"column":37},"end":{"line":115,"column":5}},"line":106},"13":{"name":"(anonymous_13)","decl":{"start":{"line":109,"column":27},"end":{"line":109,"column":28}},"loc":{"start":{"line":109,"column":43},"end":{"line":109,"column":79}},"line":109},"14":{"name":"_transformValueType","decl":{"start":{"line":130,"column":13},"end":{"line":130,"column":32}},"loc":{"start":{"line":130,"column":44},"end":{"line":144,"column":5}},"line":130},"15":{"name":"(anonymous_15)","decl":{"start":{"line":132,"column":34},"end":{"line":132,"column":35}},"loc":{"start":{"line":132,"column":49},"end":{"line":142,"column":9}},"line":132},"16":{"name":"transformValueType","decl":{"start":{"line":145,"column":13},"end":{"line":145,"column":31}},"loc":{"start":{"line":145,"column":46},"end":{"line":147,"column":5}},"line":145},"17":{"name":"_transfromEmpty","decl":{"start":{"line":157,"column":13},"end":{"line":157,"column":28}},"loc":{"start":{"line":157,"column":40},"end":{"line":180,"column":5}},"line":157},"18":{"name":"(anonymous_18)","decl":{"start":{"line":159,"column":34},"end":{"line":159,"column":35}},"loc":{"start":{"line":159,"column":49},"end":{"line":178,"column":9}},"line":159},"19":{"name":"transfromEmpty","decl":{"start":{"line":185,"column":13},"end":{"line":185,"column":27}},"loc":{"start":{"line":185,"column":39},"end":{"line":187,"column":5}},"line":185},"20":{"name":"_transfromVal","decl":{"start":{"line":189,"column":13},"end":{"line":189,"column":26}},"loc":{"start":{"line":189,"column":38},"end":{"line":206,"column":5}},"line":189},"21":{"name":"(anonymous_21)","decl":{"start":{"line":193,"column":33},"end":{"line":193,"column":34}},"loc":{"start":{"line":193,"column":48},"end":{"line":193,"column":89}},"line":193},"22":{"name":"(anonymous_22)","decl":{"start":{"line":195,"column":37},"end":{"line":195,"column":38}},"loc":{"start":{"line":195,"column":52},"end":{"line":195,"column":149}},"line":195},"23":{"name":"(anonymous_23)","decl":{"start":{"line":196,"column":22},"end":{"line":196,"column":23}},"loc":{"start":{"line":196,"column":37},"end":{"line":198,"column":13}},"line":196},"24":{"name":"(anonymous_24)","decl":{"start":{"line":201,"column":22},"end":{"line":201,"column":23}},"loc":{"start":{"line":201,"column":37},"end":{"line":203,"column":13}},"line":201},"25":{"name":"transfromVal","decl":{"start":{"line":211,"column":13},"end":{"line":211,"column":25}},"loc":{"start":{"line":211,"column":37},"end":{"line":213,"column":5}},"line":211},"26":{"name":"_addKey","decl":{"start":{"line":223,"column":13},"end":{"line":223,"column":20}},"loc":{"start":{"line":223,"column":32},"end":{"line":229,"column":5}},"line":223},"27":{"name":"(anonymous_27)","decl":{"start":{"line":225,"column":33},"end":{"line":225,"column":34}},"loc":{"start":{"line":225,"column":48},"end":{"line":227,"column":9}},"line":225},"28":{"name":"addKey","decl":{"start":{"line":230,"column":13},"end":{"line":230,"column":19}},"loc":{"start":{"line":230,"column":34},"end":{"line":232,"column":5}},"line":230},"29":{"name":"_part","decl":{"start":{"line":242,"column":13},"end":{"line":242,"column":18}},"loc":{"start":{"line":242,"column":40},"end":{"line":254,"column":5}},"line":242},"30":{"name":"part","decl":{"start":{"line":255,"column":13},"end":{"line":255,"column":17}},"loc":{"start":{"line":255,"column":39},"end":{"line":264,"column":5}},"line":255},"31":{"name":"(anonymous_31)","decl":{"start":{"line":258,"column":27},"end":{"line":258,"column":28}},"loc":{"start":{"line":258,"column":43},"end":{"line":258,"column":81}},"line":258},"32":{"name":"_addKeyFn","decl":{"start":{"line":266,"column":13},"end":{"line":266,"column":22}},"loc":{"start":{"line":266,"column":38},"end":{"line":270,"column":5}},"line":266},"33":{"name":"addKeyFn","decl":{"start":{"line":271,"column":13},"end":{"line":271,"column":21}},"loc":{"start":{"line":271,"column":28},"end":{"line":277,"column":5}},"line":271},"34":{"name":"_remove","decl":{"start":{"line":287,"column":13},"end":{"line":287,"column":20}},"loc":{"start":{"line":287,"column":33},"end":{"line":293,"column":5}},"line":287},"35":{"name":"(anonymous_35)","decl":{"start":{"line":289,"column":17},"end":{"line":289,"column":18}},"loc":{"start":{"line":289,"column":32},"end":{"line":291,"column":9}},"line":289},"36":{"name":"remove","decl":{"start":{"line":294,"column":13},"end":{"line":294,"column":19}},"loc":{"start":{"line":294,"column":32},"end":{"line":296,"column":5}},"line":294},"37":{"name":"isArray","decl":{"start":{"line":298,"column":13},"end":{"line":298,"column":20}},"loc":{"start":{"line":298,"column":27},"end":{"line":300,"column":5}},"line":298},"38":{"name":"isObject","decl":{"start":{"line":301,"column":13},"end":{"line":301,"column":21}},"loc":{"start":{"line":301,"column":28},"end":{"line":303,"column":5}},"line":301},"39":{"name":"(anonymous_39)","decl":{"start":{"line":304,"column":35},"end":{"line":304,"column":36}},"loc":{"start":{"line":304,"column":47},"end":{"line":438,"column":5}},"line":304},"40":{"name":"Converter","decl":{"start":{"line":305,"column":17},"end":{"line":305,"column":26}},"loc":{"start":{"line":305,"column":33},"end":{"line":319,"column":9}},"line":305},"41":{"name":"(anonymous_41)","decl":{"start":{"line":320,"column":42},"end":{"line":320,"column":43}},"loc":{"start":{"line":320,"column":64},"end":{"line":327,"column":9}},"line":320},"42":{"name":"(anonymous_42)","decl":{"start":{"line":333,"column":41},"end":{"line":333,"column":42}},"loc":{"start":{"line":333,"column":56},"end":{"line":336,"column":9}},"line":333},"43":{"name":"(anonymous_43)","decl":{"start":{"line":342,"column":43},"end":{"line":342,"column":44}},"loc":{"start":{"line":342,"column":58},"end":{"line":345,"column":9}},"line":342},"44":{"name":"(anonymous_44)","decl":{"start":{"line":349,"column":37},"end":{"line":349,"column":38}},"loc":{"start":{"line":349,"column":53},"end":{"line":360,"column":9}},"line":349},"45":{"name":"(anonymous_45)","decl":{"start":{"line":352,"column":29},"end":{"line":352,"column":30}},"loc":{"start":{"line":352,"column":44},"end":{"line":354,"column":17}},"line":352},"46":{"name":"(anonymous_46)","decl":{"start":{"line":364,"column":34},"end":{"line":364,"column":35}},"loc":{"start":{"line":364,"column":50},"end":{"line":378,"column":9}},"line":364},"47":{"name":"(anonymous_47)","decl":{"start":{"line":384,"column":41},"end":{"line":384,"column":42}},"loc":{"start":{"line":384,"column":60},"end":{"line":392,"column":9}},"line":384},"48":{"name":"(anonymous_48)","decl":{"start":{"line":396,"column":44},"end":{"line":396,"column":45}},"loc":{"start":{"line":396,"column":56},"end":{"line":396,"column":59}},"line":396},"49":{"name":"(anonymous_49)","decl":{"start":{"line":400,"column":38},"end":{"line":400,"column":39}},"loc":{"start":{"line":400,"column":50},"end":{"line":423,"column":9}},"line":400},"50":{"name":"(anonymous_50)","decl":{"start":{"line":402,"column":43},"end":{"line":402,"column":44}},"loc":{"start":{"line":402,"column":59},"end":{"line":402,"column":88}},"line":402},"51":{"name":"(anonymous_51)","decl":{"start":{"line":404,"column":47},"end":{"line":404,"column":48}},"loc":{"start":{"line":404,"column":66},"end":{"line":421,"column":17}},"line":404},"52":{"name":"(anonymous_52)","decl":{"start":{"line":406,"column":36},"end":{"line":406,"column":37}},"loc":{"start":{"line":406,"column":54},"end":{"line":420,"column":21}},"line":406},"53":{"name":"(anonymous_53)","decl":{"start":{"line":428,"column":17},"end":{"line":428,"column":18}},"loc":{"start":{"line":428,"column":29},"end":{"line":433,"column":13}},"line":428},"54":{"name":"(anonymous_54)","decl":{"start":{"line":447,"column":33},"end":{"line":447,"column":34}},"loc":{"start":{"line":447,"column":45},"end":{"line":496,"column":5}},"line":447},"55":{"name":"Matcher","decl":{"start":{"line":448,"column":17},"end":{"line":448,"column":24}},"loc":{"start":{"line":448,"column":31},"end":{"line":450,"column":9}},"line":448},"56":{"name":"(anonymous_56)","decl":{"start":{"line":452,"column":42},"end":{"line":452,"column":43}},"loc":{"start":{"line":452,"column":54},"end":{"line":455,"column":9}},"line":452},"57":{"name":"(anonymous_57)","decl":{"start":{"line":457,"column":41},"end":{"line":457,"column":42}},"loc":{"start":{"line":457,"column":56},"end":{"line":460,"column":9}},"line":457},"58":{"name":"(anonymous_58)","decl":{"start":{"line":462,"column":47},"end":{"line":462,"column":48}},"loc":{"start":{"line":462,"column":62},"end":{"line":465,"column":9}},"line":462},"59":{"name":"(anonymous_59)","decl":{"start":{"line":467,"column":43},"end":{"line":467,"column":44}},"loc":{"start":{"line":467,"column":55},"end":{"line":470,"column":9}},"line":467},"60":{"name":"(anonymous_60)","decl":{"start":{"line":471,"column":41},"end":{"line":471,"column":42}},"loc":{"start":{"line":471,"column":56},"end":{"line":474,"column":9}},"line":471},"61":{"name":"(anonymous_61)","decl":{"start":{"line":476,"column":35},"end":{"line":476,"column":36}},"loc":{"start":{"line":476,"column":50},"end":{"line":479,"column":9}},"line":476},"62":{"name":"(anonymous_62)","decl":{"start":{"line":481,"column":37},"end":{"line":481,"column":38}},"loc":{"start":{"line":481,"column":56},"end":{"line":484,"column":9}},"line":481},"63":{"name":"(anonymous_63)","decl":{"start":{"line":486,"column":33},"end":{"line":486,"column":34}},"loc":{"start":{"line":486,"column":58},"end":{"line":489,"column":9}},"line":486},"64":{"name":"(anonymous_64)","decl":{"start":{"line":491,"column":35},"end":{"line":491,"column":36}},"loc":{"start":{"line":491,"column":51},"end":{"line":494,"column":9}},"line":491},"65":{"name":"(anonymous_65)","decl":{"start":{"line":498,"column":18},"end":{"line":498,"column":19}},"loc":{"start":{"line":498,"column":34},"end":{"line":500,"column":5}},"line":498}},"branchMap":{"0":{"loc":{"start":{"line":2,"column":4},"end":{"line":4,"column":84}},"type":"cond-expr","locations":[{"start":{"line":2,"column":67},"end":{"line":2,"column":110}},{"start":{"line":3,"column":4},"end":{"line":4,"column":84}}],"line":2},"1":{"loc":{"start":{"line":2,"column":4},"end":{"line":2,"column":64}},"type":"binary-expr","locations":[{"start":{"line":2,"column":4},"end":{"line":2,"column":31}},{"start":{"line":2,"column":35},"end":{"line":2,"column":64}}],"line":2},"2":{"loc":{"start":{"line":3,"column":4},"end":{"line":4,"column":84}},"type":"cond-expr","locations":[{"start":{"line":3,"column":49},"end":{"line":3,"column":95}},{"start":{"line":4,"column":5},"end":{"line":4,"column":83}}],"line":3},"3":{"loc":{"start":{"line":3,"column":4},"end":{"line":3,"column":46}},"type":"binary-expr","locations":[{"start":{"line":3,"column":4},"end":{"line":3,"column":32}},{"start":{"line":3,"column":36},"end":{"line":3,"column":46}}],"line":3},"4":{"loc":{"start":{"line":4,"column":14},"end":{"line":4,"column":28}},"type":"binary-expr","locations":[{"start":{"line":4,"column":14},"end":{"line":4,"column":20}},{"start":{"line":4,"column":24},"end":{"line":4,"column":28}}],"line":4},"5":{"loc":{"start":{"line":7,"column":15},"end":{"line":7,"column":94}},"type":"cond-expr","locations":[{"start":{"line":7,"column":64},"end":{"line":7,"column":83}},{"start":{"line":7,"column":86},"end":{"line":7,"column":94}}],"line":7},"6":{"loc":{"start":{"line":7,"column":15},"end":{"line":7,"column":61}},"type":"binary-expr","locations":[{"start":{"line":7,"column":15},"end":{"line":7,"column":23}},{"start":{"line":7,"column":27},"end":{"line":7,"column":61}}],"line":7},"7":{"loc":{"start":{"line":25,"column":19},"end":{"line":31,"column":9}},"type":"binary-expr","locations":[{"start":{"line":25,"column":19},"end":{"line":25,"column":32}},{"start":{"line":25,"column":36},"end":{"line":31,"column":9}}],"line":25},"8":{"loc":{"start":{"line":28,"column":33},"end":{"line":28,"column":93}},"type":"if","locations":[{"start":{"line":28,"column":33},"end":{"line":28,"column":93}},{"start":{"line":28,"column":33},"end":{"line":28,"column":93}}],"line":28},"9":{"loc":{"start":{"line":37,"column":25},"end":{"line":38,"column":24}},"type":"if","locations":[{"start":{"line":37,"column":25},"end":{"line":38,"column":24}},{"start":{"line":37,"column":25},"end":{"line":38,"column":24}}],"line":37},"10":{"loc":{"start":{"line":37,"column":29},"end":{"line":37,"column":91}},"type":"binary-expr","locations":[{"start":{"line":37,"column":29},"end":{"line":37,"column":71}},{"start":{"line":37,"column":75},"end":{"line":37,"column":91}}],"line":37},"11":{"loc":{"start":{"line":39,"column":8},"end":{"line":43,"column":13}},"type":"if","locations":[{"start":{"line":39,"column":8},"end":{"line":43,"column":13}},{"start":{"line":39,"column":8},"end":{"line":43,"column":13}}],"line":39},"12":{"loc":{"start":{"line":39,"column":12},"end":{"line":39,"column":75}},"type":"binary-expr","locations":[{"start":{"line":39,"column":12},"end":{"line":39,"column":21}},{"start":{"line":39,"column":25},"end":{"line":39,"column":75}}],"line":39},"13":{"loc":{"start":{"line":41,"column":16},"end":{"line":42,"column":38}},"type":"if","locations":[{"start":{"line":41,"column":16},"end":{"line":42,"column":38}},{"start":{"line":41,"column":16},"end":{"line":42,"column":38}}],"line":41},"14":{"loc":{"start":{"line":41,"column":20},"end":{"line":41,"column":94}},"type":"binary-expr","locations":[{"start":{"line":41,"column":20},"end":{"line":41,"column":39}},{"start":{"line":41,"column":43},"end":{"line":41,"column":94}}],"line":41},"15":{"loc":{"start":{"line":61,"column":8},"end":{"line":66,"column":9}},"type":"if","locations":[{"start":{"line":61,"column":8},"end":{"line":66,"column":9}},{"start":{"line":61,"column":8},"end":{"line":66,"column":9}}],"line":61},"16":{"loc":{"start":{"line":97,"column":12},"end":{"line":102,"column":13}},"type":"if","locations":[{"start":{"line":97,"column":12},"end":{"line":102,"column":13}},{"start":{"line":97,"column":12},"end":{"line":102,"column":13}}],"line":97},"17":{"loc":{"start":{"line":108,"column":8},"end":{"line":113,"column":9}},"type":"if","locations":[{"start":{"line":108,"column":8},"end":{"line":113,"column":9}},{"start":{"line":108,"column":8},"end":{"line":113,"column":9}}],"line":108},"18":{"loc":{"start":{"line":133,"column":12},"end":{"line":141,"column":13}},"type":"if","locations":[{"start":{"line":133,"column":12},"end":{"line":141,"column":13}},{"start":{"line":133,"column":12},"end":{"line":141,"column":13}}],"line":133},"19":{"loc":{"start":{"line":136,"column":17},"end":{"line":141,"column":13}},"type":"if","locations":[{"start":{"line":136,"column":17},"end":{"line":141,"column":13}},{"start":{"line":136,"column":17},"end":{"line":141,"column":13}}],"line":136},"20":{"loc":{"start":{"line":161,"column":12},"end":{"line":171,"column":13}},"type":"if","locations":[{"start":{"line":161,"column":12},"end":{"line":171,"column":13}},{"start":{"line":161,"column":12},"end":{"line":171,"column":13}}],"line":161},"21":{"loc":{"start":{"line":161,"column":16},"end":{"line":166,"column":43}},"type":"binary-expr","locations":[{"start":{"line":161,"column":16},"end":{"line":161,"column":34}},{"start":{"line":162,"column":16},"end":{"line":162,"column":36}},{"start":{"line":163,"column":16},"end":{"line":163,"column":38}},{"start":{"line":164,"column":16},"end":{"line":164,"column":39}},{"start":{"line":165,"column":16},"end":{"line":165,"column":41}},{"start":{"line":166,"column":16},"end":{"line":166,"column":43}}],"line":161},"22":{"loc":{"start":{"line":167,"column":30},"end":{"line":167,"column":117}},"type":"cond-expr","locations":[{"start":{"line":167,"column":104},"end":{"line":167,"column":112}},{"start":{"line":167,"column":115},"end":{"line":167,"column":117}}],"line":167},"23":{"loc":{"start":{"line":167,"column":31},"end":{"line":167,"column":86}},"type":"cond-expr","locations":[{"start":{"line":167,"column":70},"end":{"line":167,"column":76}},{"start":{"line":167,"column":79},"end":{"line":167,"column":86}}],"line":167},"24":{"loc":{"start":{"line":167,"column":31},"end":{"line":167,"column":67}},"type":"binary-expr","locations":[{"start":{"line":167,"column":31},"end":{"line":167,"column":50}},{"start":{"line":167,"column":54},"end":{"line":167,"column":67}}],"line":167},"25":{"loc":{"start":{"line":172,"column":12},"end":{"line":177,"column":13}},"type":"if","locations":[{"start":{"line":172,"column":12},"end":{"line":177,"column":13}},{"start":{"line":172,"column":12},"end":{"line":177,"column":13}}],"line":172},"26":{"loc":{"start":{"line":172,"column":36},"end":{"line":172,"column":91}},"type":"cond-expr","locations":[{"start":{"line":172,"column":75},"end":{"line":172,"column":81}},{"start":{"line":172,"column":84},"end":{"line":172,"column":91}}],"line":172},"27":{"loc":{"start":{"line":172,"column":36},"end":{"line":172,"column":72}},"type":"binary-expr","locations":[{"start":{"line":172,"column":36},"end":{"line":172,"column":55}},{"start":{"line":172,"column":59},"end":{"line":172,"column":72}}],"line":172},"28":{"loc":{"start":{"line":173,"column":16},"end":{"line":176,"column":17}},"type":"if","locations":[{"start":{"line":173,"column":16},"end":{"line":176,"column":17}},{"start":{"line":173,"column":16},"end":{"line":176,"column":17}}],"line":173},"29":{"loc":{"start":{"line":173,"column":20},"end":{"line":173,"column":109}},"type":"binary-expr","locations":[{"start":{"line":173,"column":21},"end":{"line":173,"column":76}},{"start":{"line":173,"column":81},"end":{"line":173,"column":109}}],"line":173},"30":{"loc":{"start":{"line":173,"column":21},"end":{"line":173,"column":76}},"type":"cond-expr","locations":[{"start":{"line":173,"column":60},"end":{"line":173,"column":66}},{"start":{"line":173,"column":69},"end":{"line":173,"column":76}}],"line":173},"31":{"loc":{"start":{"line":173,"column":21},"end":{"line":173,"column":57}},"type":"binary-expr","locations":[{"start":{"line":173,"column":21},"end":{"line":173,"column":40}},{"start":{"line":173,"column":44},"end":{"line":173,"column":57}}],"line":173},"32":{"loc":{"start":{"line":175,"column":34},"end":{"line":175,"column":121}},"type":"cond-expr","locations":[{"start":{"line":175,"column":108},"end":{"line":175,"column":116}},{"start":{"line":175,"column":119},"end":{"line":175,"column":121}}],"line":175},"33":{"loc":{"start":{"line":175,"column":35},"end":{"line":175,"column":90}},"type":"cond-expr","locations":[{"start":{"line":175,"column":74},"end":{"line":175,"column":80}},{"start":{"line":175,"column":83},"end":{"line":175,"column":90}}],"line":175},"34":{"loc":{"start":{"line":175,"column":35},"end":{"line":175,"column":71}},"type":"binary-expr","locations":[{"start":{"line":175,"column":35},"end":{"line":175,"column":54}},{"start":{"line":175,"column":58},"end":{"line":175,"column":71}}],"line":175},"35":{"loc":{"start":{"line":194,"column":8},"end":{"line":204,"column":9}},"type":"if","locations":[{"start":{"line":194,"column":8},"end":{"line":204,"column":9}},{"start":{"line":194,"column":8},"end":{"line":204,"column":9}}],"line":194},"36":{"loc":{"start":{"line":194,"column":12},"end":{"line":194,"column":67}},"type":"cond-expr","locations":[{"start":{"line":194,"column":51},"end":{"line":194,"column":57}},{"start":{"line":194,"column":60},"end":{"line":194,"column":67}}],"line":194},"37":{"loc":{"start":{"line":194,"column":12},"end":{"line":194,"column":48}},"type":"binary-expr","locations":[{"start":{"line":194,"column":12},"end":{"line":194,"column":31}},{"start":{"line":194,"column":35},"end":{"line":194,"column":48}}],"line":194},"38":{"loc":{"start":{"line":195,"column":70},"end":{"line":195,"column":138}},"type":"cond-expr","locations":[{"start":{"line":195,"column":114},"end":{"line":195,"column":120}},{"start":{"line":195,"column":123},"end":{"line":195,"column":138}}],"line":195},"39":{"loc":{"start":{"line":195,"column":70},"end":{"line":195,"column":111}},"type":"binary-expr","locations":[{"start":{"line":195,"column":70},"end":{"line":195,"column":94}},{"start":{"line":195,"column":98},"end":{"line":195,"column":111}}],"line":195},"40":{"loc":{"start":{"line":243,"column":8},"end":{"line":245,"column":9}},"type":"if","locations":[{"start":{"line":243,"column":8},"end":{"line":245,"column":9}},{"start":{"line":243,"column":8},"end":{"line":245,"column":9}}],"line":243},"41":{"loc":{"start":{"line":247,"column":8},"end":{"line":252,"column":9}},"type":"if","locations":[{"start":{"line":247,"column":8},"end":{"line":252,"column":9}},{"start":{"line":247,"column":8},"end":{"line":252,"column":9}}],"line":247},"42":{"loc":{"start":{"line":257,"column":8},"end":{"line":262,"column":9}},"type":"if","locations":[{"start":{"line":257,"column":8},"end":{"line":262,"column":9}},{"start":{"line":257,"column":8},"end":{"line":262,"column":9}}],"line":257},"43":{"loc":{"start":{"line":268,"column":22},"end":{"line":268,"column":36}},"type":"binary-expr","locations":[{"start":{"line":268,"column":22},"end":{"line":268,"column":24}},{"start":{"line":268,"column":28},"end":{"line":268,"column":36}}],"line":268},"44":{"loc":{"start":{"line":308,"column":12},"end":{"line":318,"column":13}},"type":"if","locations":[{"start":{"line":308,"column":12},"end":{"line":318,"column":13}},{"start":{"line":308,"column":12},"end":{"line":318,"column":13}}],"line":308},"45":{"loc":{"start":{"line":312,"column":17},"end":{"line":318,"column":13}},"type":"if","locations":[{"start":{"line":312,"column":17},"end":{"line":318,"column":13}},{"start":{"line":312,"column":17},"end":{"line":318,"column":13}}],"line":312},"46":{"loc":{"start":{"line":351,"column":12},"end":{"line":358,"column":13}},"type":"if","locations":[{"start":{"line":351,"column":12},"end":{"line":358,"column":13}},{"start":{"line":351,"column":12},"end":{"line":358,"column":13}}],"line":351},"47":{"loc":{"start":{"line":365,"column":12},"end":{"line":376,"column":13}},"type":"if","locations":[{"start":{"line":365,"column":12},"end":{"line":376,"column":13}},{"start":{"line":365,"column":12},"end":{"line":376,"column":13}}],"line":365},"48":{"loc":{"start":{"line":365,"column":16},"end":{"line":365,"column":51}},"type":"binary-expr","locations":[{"start":{"line":365,"column":16},"end":{"line":365,"column":29}},{"start":{"line":365,"column":33},"end":{"line":365,"column":51}}],"line":365},"49":{"loc":{"start":{"line":368,"column":17},"end":{"line":376,"column":13}},"type":"if","locations":[{"start":{"line":368,"column":17},"end":{"line":376,"column":13}},{"start":{"line":368,"column":17},"end":{"line":376,"column":13}}],"line":368},"50":{"loc":{"start":{"line":368,"column":21},"end":{"line":368,"column":58}},"type":"binary-expr","locations":[{"start":{"line":368,"column":21},"end":{"line":368,"column":35}},{"start":{"line":368,"column":39},"end":{"line":368,"column":58}}],"line":368},"51":{"loc":{"start":{"line":371,"column":17},"end":{"line":376,"column":13}},"type":"if","locations":[{"start":{"line":371,"column":17},"end":{"line":376,"column":13}},{"start":{"line":371,"column":17},"end":{"line":376,"column":13}}],"line":371},"52":{"loc":{"start":{"line":371,"column":21},"end":{"line":371,"column":57}},"type":"binary-expr","locations":[{"start":{"line":371,"column":21},"end":{"line":371,"column":35}},{"start":{"line":371,"column":39},"end":{"line":371,"column":57}}],"line":371},"53":{"loc":{"start":{"line":385,"column":12},"end":{"line":390,"column":13}},"type":"if","locations":[{"start":{"line":385,"column":12},"end":{"line":390,"column":13}},{"start":{"line":385,"column":12},"end":{"line":390,"column":13}}],"line":385},"54":{"loc":{"start":{"line":388,"column":17},"end":{"line":390,"column":13}},"type":"if","locations":[{"start":{"line":388,"column":17},"end":{"line":390,"column":13}},{"start":{"line":388,"column":17},"end":{"line":390,"column":13}}],"line":388},"55":{"loc":{"start":{"line":403,"column":12},"end":{"line":422,"column":13}},"type":"if","locations":[{"start":{"line":403,"column":12},"end":{"line":422,"column":13}},{"start":{"line":403,"column":12},"end":{"line":422,"column":13}}],"line":403},"56":{"loc":{"start":{"line":408,"column":24},"end":{"line":419,"column":25}},"type":"switch","locations":[{"start":{"line":409,"column":28},"end":{"line":414,"column":38}},{"start":{"line":415,"column":28},"end":{"line":418,"column":33}}],"line":408},"57":{"loc":{"start":{"line":410,"column":32},"end":{"line":413,"column":33}},"type":"if","locations":[{"start":{"line":410,"column":32},"end":{"line":413,"column":33}},{"start":{"line":410,"column":32},"end":{"line":413,"column":33}}],"line":410},"58":{"loc":{"start":{"line":416,"column":32},"end":{"line":418,"column":33}},"type":"if","locations":[{"start":{"line":416,"column":32},"end":{"line":418,"column":33}},{"start":{"line":416,"column":32},"end":{"line":418,"column":33}}],"line":416},"59":{"loc":{"start":{"line":429,"column":16},"end":{"line":431,"column":17}},"type":"if","locations":[{"start":{"line":429,"column":16},"end":{"line":431,"column":17}},{"start":{"line":429,"column":16},"end":{"line":431,"column":17}}],"line":429}},"s":{"0":1,"1":1,"2":1,"3":1,"4":1,"5":0,"6":0,"7":0,"8":0,"9":0,"10":0,"11":0,"12":0,"13":1,"14":0,"15":0,"16":0,"17":0,"18":0,"19":0,"20":0,"21":0,"22":0,"23":0,"24":0,"25":21,"26":21,"27":21,"28":21,"29":42,"30":21,"31":21,"32":21,"33":21,"34":42,"35":42,"36":42,"37":42,"38":47,"39":21,"40":14,"41":14,"42":14,"43":14,"44":14,"45":14,"46":6,"47":11,"48":8,"49":14,"50":2,"51":2,"52":4,"53":4,"54":4,"55":4,"56":4,"57":0,"58":4,"59":3,"60":3,"61":1,"62":2,"63":2,"64":3,"65":3,"66":3,"67":3,"68":3,"69":0,"70":0,"71":0,"72":3,"73":2,"74":4,"75":4,"76":12,"77":11,"78":1,"79":12,"80":3,"81":3,"82":4,"83":3,"84":1,"85":1,"86":1,"87":3,"88":1,"89":1,"90":3,"91":1,"92":1,"93":0,"94":0,"95":1,"96":1,"97":3,"98":3,"99":3,"100":3,"101":2,"102":2,"103":0,"104":2,"105":2,"106":1,"107":1,"108":2,"109":2,"110":2,"111":1,"112":1,"113":1,"114":2,"115":3,"116":3,"117":3,"118":2,"119":2,"120":2,"121":4,"122":2,"123":3,"124":3,"125":3,"126":3,"127":2,"128":0,"129":0,"130":1,"131":0,"132":0,"133":0,"134":0,"135":0,"136":0,"137":0,"138":0,"139":0,"140":1,"141":0,"142":0,"143":1,"144":0,"145":0,"146":1,"147":0,"148":0,"149":1,"150":0,"151":0,"152":0,"153":0,"154":0,"155":0,"156":1,"157":0,"158":0,"159":0,"160":0,"161":0,"162":0,"163":0,"164":0,"165":1,"166":0,"167":0,"168":0,"169":0,"170":0,"171":1,"172":1,"173":0,"174":0,"175":0,"176":0,"177":0,"178":0,"179":0,"180":0,"181":0,"182":0,"183":0,"184":0,"185":0,"186":0,"187":0,"188":1,"189":0,"190":0,"191":0,"192":1,"193":1,"194":2,"195":1,"196":0,"197":0,"198":1,"199":1,"200":1,"201":1,"202":0,"203":0,"204":1,"205":0,"206":0,"207":1,"208":0,"209":0,"210":1,"211":0,"212":0,"213":1,"214":0,"215":0,"216":1,"217":1,"218":1,"219":1,"220":0,"221":0,"222":1,"223":1,"224":0,"225":1,"226":1,"227":1,"228":1,"229":1,"230":1,"231":1,"232":1,"233":1,"234":1,"235":1,"236":1,"237":1},"f":{"0":1,"1":1,"2":1,"3":0,"4":0,"5":21,"6":14,"7":11,"8":2,"9":2,"10":4,"11":4,"12":3,"13":2,"14":3,"15":3,"16":2,"17":4,"18":12,"19":3,"20":1,"21":3,"22":3,"23":1,"24":0,"25":1,"26":3,"27":3,"28":2,"29":2,"30":2,"31":1,"32":3,"33":2,"34":3,"35":3,"36":2,"37":0,"38":0,"39":1,"40":0,"41":0,"42":0,"43":0,"44":0,"45":0,"46":0,"47":0,"48":0,"49":0,"50":0,"51":0,"52":0,"53":0,"54":1,"55":2,"56":0,"57":1,"58":0,"59":0,"60":0,"61":0,"62":0,"63":1,"64":0,"65":0},"b":{"0":[1,0],"1":[1,1],"2":[0,0],"3":[0,0],"4":[0,0],"5":[0,1],"6":[1,1],"7":[1,0],"8":[0,0],"9":[0,0],"10":[0,0],"11":[0,0],"12":[0,0],"13":[0,0],"14":[0,0],"15":[6,8],"16":[4,0],"17":[1,2],"18":[3,0],"19":[0,0],"20":[11,1],"21":[12,10,7,6,3,2],"22":[2,9],"23":[9,2],"24":[11,11],"25":[3,9],"26":[9,3],"27":[12,12],"28":[0,3],"29":[3,0],"30":[2,1],"31":[3,3],"32":[1,2],"33":[2,1],"34":[3,3],"35":[1,0],"36":[0,1],"37":[1,1],"38":[0,3],"39":[3,3],"40":[0,2],"41":[1,1],"42":[1,1],"43":[3,3],"44":[0,0],"45":[0,0],"46":[0,0],"47":[0,0],"48":[0,0],"49":[0,0],"50":[0,0],"51":[0,0],"52":[0,0],"53":[0,0],"54":[0,0],"55":[0,0],"56":[0,0],"57":[0,0],"58":[0,0],"59":[0,0]},"_coverageSchema":"43e27e138ebf9cfc5966b082cf9a028302ed4184","hash":"8266f6b478c2be7c0373f940e6078c5c67267831"}
,"/Users/ben/Documents/workspace/project/data-matcher/src/matcher.ts": {"path":"/Users/ben/Documents/workspace/project/data-matcher/src/matcher.ts","statementMap":{"0":{"start":{"line":6,"column":4},"end":{"line":6,"column":20}},"1":{"start":{"line":10,"column":4},"end":{"line":10,"column":26}},"2":{"start":{"line":14,"column":4},"end":{"line":14,"column":30}},"3":{"start":{"line":18,"column":4},"end":{"line":18,"column":25}},"4":{"start":{"line":22,"column":16},"end":{"line":22,"column":17}},"5":{"start":{"line":23,"column":19},"end":{"line":32,"column":5}},"6":{"start":{"line":24,"column":6},"end":{"line":31,"column":7}},"7":{"start":{"line":25,"column":21},"end":{"line":25,"column":35}},"8":{"start":{"line":26,"column":8},"end":{"line":30,"column":9}},"9":{"start":{"line":27,"column":10},"end":{"line":27,"column":32}},"10":{"start":{"line":28,"column":10},"end":{"line":28,"column":21}},"11":{"start":{"line":29,"column":10},"end":{"line":29,"column":19}},"12":{"start":{"line":33,"column":4},"end":{"line":33,"column":13}},"13":{"start":{"line":37,"column":4},"end":{"line":37,"column":35}},"14":{"start":{"line":41,"column":18},"end":{"line":54,"column":1}},"15":{"start":{"line":42,"column":2},"end":{"line":42,"column":32}},"16":{"start":{"line":42,"column":20},"end":{"line":42,"column":32}},"17":{"start":{"line":43,"column":14},"end":{"line":43,"column":36}},"18":{"start":{"line":44,"column":2},"end":{"line":48,"column":4}},"19":{"start":{"line":46,"column":7},"end":{"line":47,"column":69}},"20":{"start":{"line":49,"column":2},"end":{"line":52,"column":3}},"21":{"start":{"line":50,"column":4},"end":{"line":50,"column":30}},"22":{"start":{"line":51,"column":4},"end":{"line":51,"column":29}},"23":{"start":{"line":53,"column":2},"end":{"line":53,"column":15}},"24":{"start":{"line":57,"column":29},"end":{"line":57,"column":40}},"25":{"start":{"line":58,"column":32},"end":{"line":58,"column":43}},"26":{"start":{"line":59,"column":35},"end":{"line":59,"column":46}},"27":{"start":{"line":60,"column":33},"end":{"line":60,"column":44}},"28":{"start":{"line":64,"column":4},"end":{"line":64,"column":40}},"29":{"start":{"line":65,"column":4},"end":{"line":65,"column":34}},"30":{"start":{"line":70,"column":4},"end":{"line":72,"column":5}},"31":{"start":{"line":71,"column":6},"end":{"line":71,"column":21}},"32":{"start":{"line":73,"column":4},"end":{"line":73,"column":23}},"33":{"start":{"line":77,"column":4},"end":{"line":82,"column":6}},"34":{"start":{"line":88,"column":4},"end":{"line":88,"column":47}},"35":{"start":{"line":89,"column":4},"end":{"line":93,"column":5}},"36":{"start":{"line":90,"column":6},"end":{"line":92,"column":9}},"37":{"start":{"line":91,"column":8},"end":{"line":91,"column":74}},"38":{"start":{"line":94,"column":4},"end":{"line":100,"column":5}},"39":{"start":{"line":95,"column":6},"end":{"line":99,"column":9}},"40":{"start":{"line":96,"column":8},"end":{"line":98,"column":11}},"41":{"start":{"line":97,"column":10},"end":{"line":97,"column":34}},"42":{"start":{"line":101,"column":4},"end":{"line":105,"column":5}},"43":{"start":{"line":102,"column":6},"end":{"line":104,"column":9}},"44":{"start":{"line":103,"column":8},"end":{"line":103,"column":74}},"45":{"start":{"line":107,"column":4},"end":{"line":119,"column":5}},"46":{"start":{"line":108,"column":6},"end":{"line":118,"column":9}},"47":{"start":{"line":110,"column":8},"end":{"line":117,"column":11}},"48":{"start":{"line":112,"column":12},"end":{"line":114,"column":42}},"49":{"start":{"line":115,"column":10},"end":{"line":115,"column":53}},"50":{"start":{"line":116,"column":10},"end":{"line":116,"column":44}},"51":{"start":{"line":123,"column":4},"end":{"line":123,"column":35}},"52":{"start":{"line":124,"column":4},"end":{"line":124,"column":16}},"53":{"start":{"line":128,"column":4},"end":{"line":128,"column":36}},"54":{"start":{"line":129,"column":4},"end":{"line":129,"column":16}},"55":{"start":{"line":136,"column":4},"end":{"line":136,"column":41}},"56":{"start":{"line":137,"column":4},"end":{"line":137,"column":16}},"57":{"start":{"line":141,"column":4},"end":{"line":141,"column":40}},"58":{"start":{"line":142,"column":4},"end":{"line":142,"column":16}}},"fnMap":{"0":{"name":"(anonymous_0)","decl":{"start":{"line":5,"column":2},"end":{"line":5,"column":3}},"loc":{"start":{"line":5,"column":16},"end":{"line":7,"column":3}},"line":5},"1":{"name":"(anonymous_1)","decl":{"start":{"line":9,"column":2},"end":{"line":9,"column":3}},"loc":{"start":{"line":9,"column":26},"end":{"line":11,"column":3}},"line":9},"2":{"name":"(anonymous_2)","decl":{"start":{"line":13,"column":2},"end":{"line":13,"column":3}},"loc":{"start":{"line":13,"column":12},"end":{"line":15,"column":3}},"line":13},"3":{"name":"(anonymous_3)","decl":{"start":{"line":17,"column":2},"end":{"line":17,"column":3}},"loc":{"start":{"line":17,"column":9},"end":{"line":19,"column":3}},"line":17},"4":{"name":"(anonymous_4)","decl":{"start":{"line":21,"column":2},"end":{"line":21,"column":3}},"loc":{"start":{"line":21,"column":61},"end":{"line":34,"column":3}},"line":21},"5":{"name":"(anonymous_5)","decl":{"start":{"line":23,"column":19},"end":{"line":23,"column":20}},"loc":{"start":{"line":23,"column":25},"end":{"line":32,"column":5}},"line":23},"6":{"name":"(anonymous_6)","decl":{"start":{"line":36,"column":2},"end":{"line":36,"column":3}},"loc":{"start":{"line":36,"column":12},"end":{"line":38,"column":3}},"line":36},"7":{"name":"(anonymous_7)","decl":{"start":{"line":41,"column":18},"end":{"line":41,"column":19}},"loc":{"start":{"line":41,"column":37},"end":{"line":54,"column":1}},"line":41},"8":{"name":"(anonymous_8)","decl":{"start":{"line":45,"column":4},"end":{"line":45,"column":5}},"loc":{"start":{"line":46,"column":7},"end":{"line":47,"column":69}},"line":46},"9":{"name":"(anonymous_9)","decl":{"start":{"line":63,"column":2},"end":{"line":63,"column":3}},"loc":{"start":{"line":63,"column":25},"end":{"line":66,"column":3}},"line":63},"10":{"name":"(anonymous_10)","decl":{"start":{"line":68,"column":2},"end":{"line":68,"column":3}},"loc":{"start":{"line":68,"column":20},"end":{"line":74,"column":3}},"line":68},"11":{"name":"(anonymous_11)","decl":{"start":{"line":76,"column":2},"end":{"line":76,"column":3}},"loc":{"start":{"line":76,"column":25},"end":{"line":83,"column":3}},"line":76},"12":{"name":"(anonymous_12)","decl":{"start":{"line":85,"column":2},"end":{"line":85,"column":3}},"loc":{"start":{"line":85,"column":20},"end":{"line":120,"column":3}},"line":85},"13":{"name":"(anonymous_13)","decl":{"start":{"line":90,"column":29},"end":{"line":90,"column":30}},"loc":{"start":{"line":90,"column":41},"end":{"line":92,"column":7}},"line":90},"14":{"name":"(anonymous_14)","decl":{"start":{"line":95,"column":32},"end":{"line":95,"column":33}},"loc":{"start":{"line":95,"column":44},"end":{"line":99,"column":7}},"line":95},"15":{"name":"(anonymous_15)","decl":{"start":{"line":96,"column":23},"end":{"line":96,"column":24}},"loc":{"start":{"line":96,"column":40},"end":{"line":98,"column":9}},"line":96},"16":{"name":"(anonymous_16)","decl":{"start":{"line":102,"column":35},"end":{"line":102,"column":36}},"loc":{"start":{"line":102,"column":47},"end":{"line":104,"column":7}},"line":102},"17":{"name":"(anonymous_17)","decl":{"start":{"line":108,"column":33},"end":{"line":108,"column":34}},"loc":{"start":{"line":108,"column":46},"end":{"line":118,"column":7}},"line":108},"18":{"name":"(anonymous_18)","decl":{"start":{"line":110,"column":24},"end":{"line":110,"column":25}},"loc":{"start":{"line":110,"column":41},"end":{"line":117,"column":9}},"line":110},"19":{"name":"(anonymous_19)","decl":{"start":{"line":122,"column":2},"end":{"line":122,"column":3}},"loc":{"start":{"line":122,"column":67},"end":{"line":125,"column":3}},"line":122},"20":{"name":"(anonymous_20)","decl":{"start":{"line":127,"column":2},"end":{"line":127,"column":3}},"loc":{"start":{"line":127,"column":32},"end":{"line":130,"column":3}},"line":127},"21":{"name":"(anonymous_21)","decl":{"start":{"line":132,"column":2},"end":{"line":132,"column":3}},"loc":{"start":{"line":135,"column":5},"end":{"line":138,"column":3}},"line":135},"22":{"name":"(anonymous_22)","decl":{"start":{"line":140,"column":2},"end":{"line":140,"column":3}},"loc":{"start":{"line":140,"column":61},"end":{"line":143,"column":3}},"line":140}},"branchMap":{"0":{"loc":{"start":{"line":24,"column":6},"end":{"line":31,"column":7}},"type":"if","locations":[{"start":{"line":24,"column":6},"end":{"line":31,"column":7}},{"start":{"line":24,"column":6},"end":{"line":31,"column":7}}],"line":24},"1":{"loc":{"start":{"line":26,"column":8},"end":{"line":30,"column":9}},"type":"if","locations":[{"start":{"line":26,"column":8},"end":{"line":30,"column":9}},{"start":{"line":26,"column":8},"end":{"line":30,"column":9}}],"line":26},"2":{"loc":{"start":{"line":42,"column":2},"end":{"line":42,"column":32}},"type":"if","locations":[{"start":{"line":42,"column":2},"end":{"line":42,"column":32}},{"start":{"line":42,"column":2},"end":{"line":42,"column":32}}],"line":42},"3":{"loc":{"start":{"line":47,"column":8},"end":{"line":47,"column":69}},"type":"cond-expr","locations":[{"start":{"line":47,"column":39},"end":{"line":47,"column":58}},{"start":{"line":47,"column":61},"end":{"line":47,"column":69}}],"line":47},"4":{"loc":{"start":{"line":49,"column":2},"end":{"line":52,"column":3}},"type":"if","locations":[{"start":{"line":49,"column":2},"end":{"line":52,"column":3}},{"start":{"line":49,"column":2},"end":{"line":52,"column":3}}],"line":49},"5":{"loc":{"start":{"line":70,"column":4},"end":{"line":72,"column":5}},"type":"if","locations":[{"start":{"line":70,"column":4},"end":{"line":72,"column":5}},{"start":{"line":70,"column":4},"end":{"line":72,"column":5}}],"line":70},"6":{"loc":{"start":{"line":78,"column":6},"end":{"line":81,"column":35}},"type":"binary-expr","locations":[{"start":{"line":78,"column":6},"end":{"line":78,"column":31}},{"start":{"line":79,"column":6},"end":{"line":79,"column":34}},{"start":{"line":80,"column":6},"end":{"line":80,"column":37}},{"start":{"line":81,"column":6},"end":{"line":81,"column":35}}],"line":78},"7":{"loc":{"start":{"line":89,"column":4},"end":{"line":93,"column":5}},"type":"if","locations":[{"start":{"line":89,"column":4},"end":{"line":93,"column":5}},{"start":{"line":89,"column":4},"end":{"line":93,"column":5}}],"line":89},"8":{"loc":{"start":{"line":94,"column":4},"end":{"line":100,"column":5}},"type":"if","locations":[{"start":{"line":94,"column":4},"end":{"line":100,"column":5}},{"start":{"line":94,"column":4},"end":{"line":100,"column":5}}],"line":94},"9":{"loc":{"start":{"line":101,"column":4},"end":{"line":105,"column":5}},"type":"if","locations":[{"start":{"line":101,"column":4},"end":{"line":105,"column":5}},{"start":{"line":101,"column":4},"end":{"line":105,"column":5}}],"line":101},"10":{"loc":{"start":{"line":107,"column":4},"end":{"line":119,"column":5}},"type":"if","locations":[{"start":{"line":107,"column":4},"end":{"line":119,"column":5}},{"start":{"line":107,"column":4},"end":{"line":119,"column":5}}],"line":107},"11":{"loc":{"start":{"line":112,"column":12},"end":{"line":114,"column":42}},"type":"cond-expr","locations":[{"start":{"line":113,"column":16},"end":{"line":113,"column":53}},{"start":{"line":114,"column":16},"end":{"line":114,"column":42}}],"line":112}},"s":{"0":24,"1":11,"2":11,"3":0,"4":11,"5":11,"6":22,"7":11,"8":11,"9":11,"10":11,"11":11,"12":11,"13":69,"14":1,"15":23,"16":0,"17":23,"18":23,"19":42,"20":23,"21":0,"22":0,"23":23,"24":6,"25":6,"26":6,"27":6,"28":6,"29":6,"30":8,"31":7,"32":8,"33":8,"34":7,"35":7,"36":3,"37":3,"38":7,"39":3,"40":3,"41":3,"42":7,"43":4,"44":4,"45":7,"46":1,"47":1,"48":1,"49":1,"50":1,"51":3,"52":3,"53":3,"54":3,"55":4,"56":4,"57":1,"58":1},"f":{"0":24,"1":11,"2":11,"3":0,"4":11,"5":22,"6":69,"7":23,"8":42,"9":6,"10":8,"11":8,"12":7,"13":3,"14":3,"15":3,"16":4,"17":1,"18":1,"19":3,"20":3,"21":4,"22":1},"b":{"0":[11,11],"1":[11,0],"2":[0,23],"3":[4,38],"4":[0,23],"5":[7,1],"6":[8,5,4,2],"7":[3,4],"8":[3,4],"9":[4,3],"10":[1,6],"11":[0,1]},"_coverageSchema":"43e27e138ebf9cfc5966b082cf9a028302ed4184","hash":"af6847642acc6bfe35b83a9fa9bb5cc0c425ad90"}
}
