TN:
SF:/Users/ben/Documents/workspace/project/data-matcher/dist/index.js
FN:1,(anonymous_0)
FN:5,(anonymous_1)
FN:24,(anonymous_2)
FN:25,__assign
FN:35,__rest
FN:47,__spreadArrays
FN:55,supportArray
FN:62,(anonymous_7)
FN:78,_toValuesArray
FN:81,toValuesArray
FN:93,_transformKey
FN:96,(anonymous_11)
FN:106,transformKey
FN:109,(anonymous_13)
FN:130,_transformValueType
FN:132,(anonymous_15)
FN:145,transformValueType
FN:157,_transfromEmpty
FN:159,(anonymous_18)
FN:185,transfromEmpty
FN:189,_transfromVal
FN:193,(anonymous_21)
FN:195,(anonymous_22)
FN:196,(anonymous_23)
FN:201,(anonymous_24)
FN:211,transfromVal
FN:223,_addKey
FN:225,(anonymous_27)
FN:230,addKey
FN:242,_part
FN:255,part
FN:258,(anonymous_31)
FN:266,_addKeyFn
FN:271,addKeyFn
FN:287,_remove
FN:289,(anonymous_35)
FN:294,remove
FN:298,isArray
FN:301,isObject
FN:304,(anonymous_39)
FN:305,Converter
FN:320,(anonymous_41)
FN:333,(anonymous_42)
FN:342,(anonymous_43)
FN:349,(anonymous_44)
FN:352,(anonymous_45)
FN:364,(anonymous_46)
FN:384,(anonymous_47)
FN:396,(anonymous_48)
FN:400,(anonymous_49)
FN:402,(anonymous_50)
FN:404,(anonymous_51)
FN:406,(anonymous_52)
FN:428,(anonymous_53)
FN:447,(anonymous_54)
FN:448,Matcher
FN:452,(anonymous_56)
FN:457,(anonymous_57)
FN:462,(anonymous_58)
FN:467,(anonymous_59)
FN:471,(anonymous_60)
FN:476,(anonymous_61)
FN:481,(anonymous_62)
FN:486,(anonymous_63)
FN:491,(anonymous_64)
FN:498,(anonymous_65)
FNF:66
FNH:39
FNDA:1,(anonymous_0)
FNDA:1,(anonymous_1)
FNDA:1,(anonymous_2)
FNDA:0,__assign
FNDA:0,__rest
FNDA:21,__spreadArrays
FNDA:14,supportArray
FNDA:11,(anonymous_7)
FNDA:2,_toValuesArray
FNDA:2,toValuesArray
FNDA:4,_transformKey
FNDA:4,(anonymous_11)
FNDA:3,transformKey
FNDA:2,(anonymous_13)
FNDA:3,_transformValueType
FNDA:3,(anonymous_15)
FNDA:2,transformValueType
FNDA:4,_transfromEmpty
FNDA:12,(anonymous_18)
FNDA:3,transfromEmpty
FNDA:1,_transfromVal
FNDA:3,(anonymous_21)
FNDA:3,(anonymous_22)
FNDA:1,(anonymous_23)
FNDA:0,(anonymous_24)
FNDA:1,transfromVal
FNDA:3,_addKey
FNDA:3,(anonymous_27)
FNDA:2,addKey
FNDA:2,_part
FNDA:2,part
FNDA:1,(anonymous_31)
FNDA:3,_addKeyFn
FNDA:2,addKeyFn
FNDA:3,_remove
FNDA:3,(anonymous_35)
FNDA:2,remove
FNDA:0,isArray
FNDA:0,isObject
FNDA:1,(anonymous_39)
FNDA:0,Converter
FNDA:0,(anonymous_41)
FNDA:0,(anonymous_42)
FNDA:0,(anonymous_43)
FNDA:0,(anonymous_44)
FNDA:0,(anonymous_45)
FNDA:0,(anonymous_46)
FNDA:0,(anonymous_47)
FNDA:0,(anonymous_48)
FNDA:0,(anonymous_49)
FNDA:0,(anonymous_50)
FNDA:0,(anonymous_51)
FNDA:0,(anonymous_52)
FNDA:0,(anonymous_53)
FNDA:1,(anonymous_54)
FNDA:2,Matcher
FNDA:0,(anonymous_56)
FNDA:1,(anonymous_57)
FNDA:0,(anonymous_58)
FNDA:0,(anonymous_59)
FNDA:0,(anonymous_60)
FNDA:0,(anonymous_61)
FNDA:0,(anonymous_62)
FNDA:1,(anonymous_63)
FNDA:0,(anonymous_64)
FNDA:0,(anonymous_65)
DA:1,1
DA:2,1
DA:7,1
DA:24,1
DA:25,1
DA:26,0
DA:27,0
DA:28,0
DA:30,0
DA:32,1
DA:36,0
DA:37,0
DA:38,0
DA:39,0
DA:40,0
DA:41,0
DA:42,0
DA:44,0
DA:48,42
DA:49,21
DA:50,42
DA:51,47
DA:52,21
DA:56,14
DA:57,14
DA:58,14
DA:60,14
DA:61,14
DA:62,11
DA:65,8
DA:67,14
DA:79,2
DA:82,2
DA:94,4
DA:95,4
DA:96,4
DA:97,4
DA:98,4
DA:101,0
DA:104,4
DA:107,3
DA:108,3
DA:109,2
DA:112,2
DA:114,3
DA:131,3
DA:132,3
DA:133,3
DA:134,3
DA:136,0
DA:137,0
DA:140,0
DA:143,3
DA:146,2
DA:158,4
DA:159,4
DA:161,12
DA:167,11
DA:170,1
DA:172,12
DA:173,3
DA:175,3
DA:179,4
DA:186,3
DA:191,1
DA:192,1
DA:193,3
DA:194,1
DA:195,3
DA:196,1
DA:197,1
DA:201,0
DA:202,0
DA:205,1
DA:212,1
DA:224,3
DA:225,3
DA:226,3
DA:228,3
DA:231,2
DA:243,2
DA:244,0
DA:246,2
DA:247,2
DA:248,1
DA:251,1
DA:253,2
DA:256,2
DA:257,2
DA:258,1
DA:261,1
DA:263,2
DA:267,3
DA:268,3
DA:269,3
DA:272,2
DA:273,2
DA:274,4
DA:276,2
DA:288,3
DA:289,3
DA:290,3
DA:292,3
DA:295,2
DA:299,0
DA:302,0
DA:304,1
DA:306,0
DA:307,0
DA:308,0
DA:309,0
DA:310,0
DA:312,0
DA:313,0
DA:314,0
DA:317,0
DA:320,1
DA:321,0
DA:326,0
DA:333,1
DA:334,0
DA:335,0
DA:342,1
DA:343,0
DA:344,0
DA:349,1
DA:350,0
DA:351,0
DA:352,0
DA:353,0
DA:357,0
DA:359,0
DA:364,1
DA:365,0
DA:366,0
DA:368,0
DA:369,0
DA:371,0
DA:372,0
DA:375,0
DA:377,0
DA:384,1
DA:385,0
DA:386,0
DA:388,0
DA:389,0
DA:391,0
DA:396,1
DA:400,1
DA:401,0
DA:402,0
DA:403,0
DA:404,0
DA:405,0
DA:406,0
DA:407,0
DA:408,0
DA:410,0
DA:411,0
DA:412,0
DA:414,0
DA:416,0
DA:417,0
DA:424,1
DA:429,0
DA:430,0
DA:432,0
DA:437,1
DA:447,1
DA:449,2
DA:452,1
DA:453,0
DA:454,0
DA:457,1
DA:458,1
DA:459,1
DA:462,1
DA:463,0
DA:464,0
DA:467,1
DA:468,0
DA:469,0
DA:471,1
DA:472,0
DA:473,0
DA:476,1
DA:477,0
DA:478,0
DA:481,1
DA:482,0
DA:483,0
DA:486,1
DA:487,1
DA:488,1
DA:491,1
DA:492,0
DA:493,0
DA:495,1
DA:498,1
DA:499,0
DA:502,1
DA:503,1
DA:504,1
DA:505,1
DA:506,1
DA:507,1
DA:508,1
DA:509,1
DA:510,1
DA:511,1
DA:512,1
DA:513,1
DA:515,1
LF:213
LH:126
BRDA:2,0,0,1
BRDA:2,0,1,0
BRDA:2,1,0,1
BRDA:2,1,1,1
BRDA:3,2,0,0
BRDA:3,2,1,0
BRDA:3,3,0,0
BRDA:3,3,1,0
BRDA:4,4,0,0
BRDA:4,4,1,0
BRDA:7,5,0,0
BRDA:7,5,1,1
BRDA:7,6,0,1
BRDA:7,6,1,1
BRDA:25,7,0,1
BRDA:25,7,1,0
BRDA:28,8,0,0
BRDA:28,8,1,0
BRDA:37,9,0,0
BRDA:37,9,1,0
BRDA:37,10,0,0
BRDA:37,10,1,0
BRDA:39,11,0,0
BRDA:39,11,1,0
BRDA:39,12,0,0
BRDA:39,12,1,0
BRDA:41,13,0,0
BRDA:41,13,1,0
BRDA:41,14,0,0
BRDA:41,14,1,0
BRDA:61,15,0,6
BRDA:61,15,1,8
BRDA:97,16,0,4
BRDA:97,16,1,0
BRDA:108,17,0,1
BRDA:108,17,1,2
BRDA:133,18,0,3
BRDA:133,18,1,0
BRDA:136,19,0,0
BRDA:136,19,1,0
BRDA:161,20,0,11
BRDA:161,20,1,1
BRDA:161,21,0,12
BRDA:161,21,1,10
BRDA:161,21,2,7
BRDA:161,21,3,6
BRDA:161,21,4,3
BRDA:161,21,5,2
BRDA:167,22,0,2
BRDA:167,22,1,9
BRDA:167,23,0,9
BRDA:167,23,1,2
BRDA:167,24,0,11
BRDA:167,24,1,11
BRDA:172,25,0,3
BRDA:172,25,1,9
BRDA:172,26,0,9
BRDA:172,26,1,3
BRDA:172,27,0,12
BRDA:172,27,1,12
BRDA:173,28,0,0
BRDA:173,28,1,3
BRDA:173,29,0,3
BRDA:173,29,1,0
BRDA:173,30,0,2
BRDA:173,30,1,1
BRDA:173,31,0,3
BRDA:173,31,1,3
BRDA:175,32,0,1
BRDA:175,32,1,2
BRDA:175,33,0,2
BRDA:175,33,1,1
BRDA:175,34,0,3
BRDA:175,34,1,3
BRDA:194,35,0,1
BRDA:194,35,1,0
BRDA:194,36,0,0
BRDA:194,36,1,1
BRDA:194,37,0,1
BRDA:194,37,1,1
BRDA:195,38,0,0
BRDA:195,38,1,3
BRDA:195,39,0,3
BRDA:195,39,1,3
BRDA:243,40,0,0
BRDA:243,40,1,2
BRDA:247,41,0,1
BRDA:247,41,1,1
BRDA:257,42,0,1
BRDA:257,42,1,1
BRDA:268,43,0,3
BRDA:268,43,1,3
BRDA:308,44,0,0
BRDA:308,44,1,0
BRDA:312,45,0,0
BRDA:312,45,1,0
BRDA:351,46,0,0
BRDA:351,46,1,0
BRDA:365,47,0,0
BRDA:365,47,1,0
BRDA:365,48,0,0
BRDA:365,48,1,0
BRDA:368,49,0,0
BRDA:368,49,1,0
BRDA:368,50,0,0
BRDA:368,50,1,0
BRDA:371,51,0,0
BRDA:371,51,1,0
BRDA:371,52,0,0
BRDA:371,52,1,0
BRDA:385,53,0,0
BRDA:385,53,1,0
BRDA:388,54,0,0
BRDA:388,54,1,0
BRDA:403,55,0,0
BRDA:403,55,1,0
BRDA:408,56,0,0
BRDA:408,56,1,0
BRDA:410,57,0,0
BRDA:410,57,1,0
BRDA:416,58,0,0
BRDA:416,58,1,0
BRDA:429,59,0,0
BRDA:429,59,1,0
BRF:124
BRH:59
end_of_record
TN:
SF:/Users/ben/Documents/workspace/project/data-matcher/src/matcher.ts
FN:5,(anonymous_0)
FN:9,(anonymous_1)
FN:13,(anonymous_2)
FN:17,(anonymous_3)
FN:21,(anonymous_4)
FN:23,(anonymous_5)
FN:36,(anonymous_6)
FN:41,(anonymous_7)
FN:45,(anonymous_8)
FN:63,(anonymous_9)
FN:68,(anonymous_10)
FN:76,(anonymous_11)
FN:85,(anonymous_12)
FN:90,(anonymous_13)
FN:95,(anonymous_14)
FN:96,(anonymous_15)
FN:102,(anonymous_16)
FN:108,(anonymous_17)
FN:110,(anonymous_18)
FN:122,(anonymous_19)
FN:127,(anonymous_20)
FN:132,(anonymous_21)
FN:140,(anonymous_22)
FNF:23
FNH:22
FNDA:24,(anonymous_0)
FNDA:11,(anonymous_1)
FNDA:11,(anonymous_2)
FNDA:0,(anonymous_3)
FNDA:11,(anonymous_4)
FNDA:22,(anonymous_5)
FNDA:69,(anonymous_6)
FNDA:23,(anonymous_7)
FNDA:42,(anonymous_8)
FNDA:6,(anonymous_9)
FNDA:8,(anonymous_10)
FNDA:8,(anonymous_11)
FNDA:7,(anonymous_12)
FNDA:3,(anonymous_13)
FNDA:3,(anonymous_14)
FNDA:3,(anonymous_15)
FNDA:4,(anonymous_16)
FNDA:1,(anonymous_17)
FNDA:1,(anonymous_18)
FNDA:3,(anonymous_19)
FNDA:3,(anonymous_20)
FNDA:4,(anonymous_21)
FNDA:1,(anonymous_22)
DA:6,24
DA:10,11
DA:14,11
DA:18,0
DA:22,11
DA:23,11
DA:24,22
DA:25,11
DA:26,11
DA:27,11
DA:28,11
DA:29,11
DA:33,11
DA:37,69
DA:41,1
DA:42,23
DA:43,23
DA:44,23
DA:46,42
DA:49,23
DA:50,0
DA:51,0
DA:53,23
DA:57,6
DA:58,6
DA:59,6
DA:60,6
DA:64,6
DA:65,6
DA:70,8
DA:71,7
DA:73,8
DA:77,8
DA:88,7
DA:89,7
DA:90,3
DA:91,3
DA:94,7
DA:95,3
DA:96,3
DA:97,3
DA:101,7
DA:102,4
DA:103,4
DA:107,7
DA:108,1
DA:110,1
DA:112,1
DA:115,1
DA:116,1
DA:123,3
DA:124,3
DA:128,3
DA:129,3
DA:136,4
DA:137,4
DA:141,1
DA:142,1
LF:58
LH:55
BRDA:24,0,0,11
BRDA:24,0,1,11
BRDA:26,1,0,11
BRDA:26,1,1,0
BRDA:42,2,0,0
BRDA:42,2,1,23
BRDA:47,3,0,4
BRDA:47,3,1,38
BRDA:49,4,0,0
BRDA:49,4,1,23
BRDA:70,5,0,7
BRDA:70,5,1,1
BRDA:78,6,0,8
BRDA:78,6,1,5
BRDA:78,6,2,4
BRDA:78,6,3,2
BRDA:89,7,0,3
BRDA:89,7,1,4
BRDA:94,8,0,3
BRDA:94,8,1,4
BRDA:101,9,0,4
BRDA:101,9,1,3
BRDA:107,10,0,1
BRDA:107,10,1,6
BRDA:112,11,0,0
BRDA:112,11,1,1
BRF:26
BRH:22
end_of_record
