TN:
SF:/Users/ben/Documents/w/myproject/package/data_matcher/dist/index.js
FN:1,(anonymous_0)
FN:5,(anonymous_1)
FN:15,toValuesArray
FN:27,transfromKey
FN:30,(anonymous_4)
FN:49,transformValueType
FN:51,(anonymous_6)
FN:73,transfromEmpty
FN:75,(anonymous_8)
FN:96,addKey
FN:98,(anonymous_10)
FN:112,part
FN:134,addKeyFn
FN:148,classifyKey
FN:150,(anonymous_14)
FN:167,(anonymous_15)
FN:168,Matcher
FN:172,(anonymous_17)
FN:177,(anonymous_18)
FN:182,(anonymous_19)
FN:187,(anonymous_20)
FN:192,(anonymous_21)
FN:197,(anonymous_22)
FN:202,(anonymous_23)
FN:206,(anonymous_24)
FNF:25
FNH:9
FNDA:1,(anonymous_0)
FNDA:1,(anonymous_1)
FNDA:0,toValuesArray
FNDA:1,transfromKey
FNDA:1,(anonymous_4)
FNDA:0,transformValueType
FNDA:0,(anonymous_6)
FNDA:0,transfromEmpty
FNDA:0,(anonymous_8)
FNDA:0,addKey
FNDA:0,(anonymous_10)
FNDA:2,part
FNDA:0,addKeyFn
FNDA:0,classifyKey
FNDA:0,(anonymous_14)
FNDA:1,(anonymous_15)
FNDA:2,Matcher
FNDA:0,(anonymous_17)
FNDA:1,(anonymous_18)
FNDA:0,(anonymous_19)
FNDA:0,(anonymous_20)
FNDA:0,(anonymous_21)
FNDA:0,(anonymous_22)
FNDA:2,(anonymous_23)
FNDA:0,(anonymous_24)
DA:1,1
DA:2,1
DA:16,0
DA:28,1
DA:29,1
DA:30,1
DA:31,1
DA:32,1
DA:35,0
DA:38,1
DA:50,0
DA:51,0
DA:52,0
DA:53,0
DA:55,0
DA:56,0
DA:59,0
DA:62,0
DA:74,0
DA:75,0
DA:76,0
DA:79,0
DA:82,0
DA:85,0
DA:97,0
DA:98,0
DA:99,0
DA:101,0
DA:113,2
DA:114,0
DA:116,2
DA:117,2
DA:118,2
DA:121,0
DA:123,2
DA:135,0
DA:136,0
DA:137,0
DA:149,0
DA:150,0
DA:151,0
DA:152,0
DA:153,0
DA:155,0
DA:157,0
DA:167,1
DA:169,2
DA:172,1
DA:173,0
DA:174,0
DA:177,1
DA:178,1
DA:179,1
DA:182,1
DA:183,0
DA:184,0
DA:187,1
DA:188,0
DA:189,0
DA:192,1
DA:193,0
DA:194,0
DA:197,1
DA:198,0
DA:199,0
DA:202,1
DA:203,2
DA:204,2
DA:206,1
DA:207,0
DA:208,0
DA:210,1
DA:213,1
LF:73
LH:29
BRDA:2,0,0,1
BRDA:2,0,1,0
BRDA:2,1,0,1
BRDA:2,1,1,1
BRDA:3,2,0,0
BRDA:3,2,1,0
BRDA:3,3,0,0
BRDA:3,3,1,0
BRDA:4,4,0,0
BRDA:4,4,1,0
BRDA:31,5,0,1
BRDA:31,5,1,0
BRDA:52,6,0,0
BRDA:52,6,1,0
BRDA:55,7,0,0
BRDA:55,7,1,0
BRDA:76,8,0,0
BRDA:76,8,1,0
BRDA:76,9,0,0
BRDA:76,9,1,0
BRDA:76,9,2,0
BRDA:113,10,0,0
BRDA:113,10,1,2
BRDA:117,11,0,2
BRDA:117,11,1,0
BRDA:136,12,0,0
BRDA:136,12,1,0
BRDA:152,13,0,0
BRDA:152,13,1,0
BRF:29
BRH:6
end_of_record
TN:
SF:/Users/ben/Documents/w/myproject/package/data_matcher/lib/index.js
FN:1,(anonymous_0)
FN:5,(anonymous_1)
FN:15,toValuesArray
FN:27,transfromKey
FN:30,(anonymous_4)
FN:49,transformValueType
FN:51,(anonymous_6)
FN:73,transfromEmpty
FN:75,(anonymous_8)
FN:96,addKey
FN:98,(anonymous_10)
FN:112,part
FN:129,addKeyFn
FN:143,classifyKey
FN:145,(anonymous_14)
FNF:15
FNH:4
FNDA:1,(anonymous_0)
FNDA:1,(anonymous_1)
FNDA:0,toValuesArray
FNDA:0,transfromKey
FNDA:0,(anonymous_4)
FNDA:0,transformValueType
FNDA:0,(anonymous_6)
FNDA:0,transfromEmpty
FNDA:0,(anonymous_8)
FNDA:1,addKey
FNDA:1,(anonymous_10)
FNDA:0,part
FNDA:0,addKeyFn
FNDA:0,classifyKey
FNDA:0,(anonymous_14)
DA:1,1
DA:2,1
DA:16,0
DA:28,0
DA:29,0
DA:30,0
DA:31,0
DA:32,0
DA:35,0
DA:38,0
DA:50,0
DA:51,0
DA:52,0
DA:53,0
DA:55,0
DA:56,0
DA:59,0
DA:62,0
DA:74,0
DA:75,0
DA:76,0
DA:79,0
DA:82,0
DA:85,0
DA:97,1
DA:98,1
DA:99,1
DA:101,1
DA:113,0
DA:114,0
DA:116,0
DA:117,0
DA:118,0
DA:130,0
DA:131,0
DA:132,0
DA:144,0
DA:145,0
DA:146,0
DA:147,0
DA:148,0
DA:150,0
DA:152,0
DA:155,1
DA:156,1
DA:157,1
DA:158,1
DA:159,1
DA:160,1
DA:161,1
DA:162,1
DA:164,1
LF:52
LH:15
BRDA:2,0,0,1
BRDA:2,0,1,0
BRDA:2,1,0,1
BRDA:2,1,1,1
BRDA:3,2,0,0
BRDA:3,2,1,0
BRDA:3,3,0,0
BRDA:3,3,1,0
BRDA:4,4,0,0
BRDA:4,4,1,0
BRDA:31,5,0,0
BRDA:31,5,1,0
BRDA:52,6,0,0
BRDA:52,6,1,0
BRDA:55,7,0,0
BRDA:55,7,1,0
BRDA:76,8,0,0
BRDA:76,8,1,0
BRDA:76,9,0,0
BRDA:76,9,1,0
BRDA:76,9,2,0
BRDA:113,10,0,0
BRDA:113,10,1,0
BRDA:117,11,0,0
BRDA:117,11,1,0
BRDA:131,12,0,0
BRDA:131,12,1,0
BRDA:147,13,0,0
BRDA:147,13,1,0
BRF:29
BRH:3
end_of_record
